<?xml version="1.0" encoding="UTF-8"?>
<TestRun id="4c07ab00-41d3-432e-ac86-f0e549d3b492" name="Administrator@BHMVISION 2020-08-06 11:18:20" runUser="BHMVISION\Administrator" xmlns="http://microsoft.com/schemas/VisualStudio/TeamTest/2010">
  <TestSettings name="Local" id="cfdf6bc8-d928-435d-9cb7-56225209ad3e">
    <Description>These are default test settings for a local test run.</Description>
    <Deployment enabled="false" runDeploymentRoot="Administrator_BHMVISION 2020-08-06 11_18_20">
      <DeploymentItem filename="D:\Work 2020\tcmslipt2\src\D7432_DIO Library\bin\Debug\DIO_Library.dll" />
    </Deployment>
    <Execution>
      <TestTypeSpecific />
      <AgentRule name="Execution Agents">
      </AgentRule>
    </Execution>
  </TestSettings>
  <Times creation="2020-08-06T11:18:20.3510001+07:00" queuing="2020-08-06T11:18:20.4510001+07:00" start="2020-08-06T11:18:20.4650001+07:00" finish="2020-08-06T11:19:14.9300001+07:00" />
  <ResultSummary outcome="Aborted">
    <Counters total="1" executed="1" error="0" failed="0" timeout="0" aborted="1" inconclusive="0" passedButRunAborted="0" notRunnable="0" notExecuted="0" disconnected="0" warning="0" passed="0" completed="0" inProgress="0" pending="0" />
  </ResultSummary>
  <TestDefinitions>
    <UnitTest name="TestMethod1" storage="d:\work 2020\tcmslipt2\src\testproject1\bin\debug\testproject1.dll" id="59863143-3238-122e-4d8a-637b491cc755">
      <Execution id="c68fa62c-39a9-4ef9-91e5-f8fb23796fa8" />
      <TestMethod codeBase="D:/Work 2020/tcmslipt2/src/TestProject1/bin/Debug/TestProject1.DLL" adapterTypeName="Microsoft.VisualStudio.TestTools.TestTypes.Unit.UnitTestAdapter, Microsoft.VisualStudio.QualityTools.Tips.UnitTest.Adapter, Version=10.0.0.0, Culture=neutral, PublicKeyToken=b03f5f7f11d50a3a" className="TestProject1.UnitTest1, TestProject1, Version=1.0.0.0, Culture=neutral, PublicKeyToken=null" name="TestMethod1" />
    </UnitTest>
  </TestDefinitions>
  <TestLists>
    <TestList name="Results Not in a List" id="8c84fa94-04c1-424b-9868-57a2d4851a1d" />
    <TestList name="All Loaded Results" id="19431567-8539-422a-85d7-44ee4e166bda" />
  </TestLists>
  <TestEntries>
    <TestEntry testId="59863143-3238-122e-4d8a-637b491cc755" executionId="c68fa62c-39a9-4ef9-91e5-f8fb23796fa8" testListId="8c84fa94-04c1-424b-9868-57a2d4851a1d" />
  </TestEntries>
  <Results>
    <UnitTestResult executionId="c68fa62c-39a9-4ef9-91e5-f8fb23796fa8" testId="59863143-3238-122e-4d8a-637b491cc755" testName="TestMethod1" computerName="BHMVISION" duration="00:00:47.7660000" startTime="2020-08-06T11:18:20.4690001+07:00" endTime="2020-08-06T11:19:08.2350001+07:00" testType="13cdc9d9-ddb5-4fa4-a97d-d965ccfc6d4b" outcome="Aborted" testListId="8c84fa94-04c1-424b-9868-57a2d4851a1d" relativeResultsDirectory="c68fa62c-39a9-4ef9-91e5-f8fb23796fa8">
      <Output>
        <DebugTrace>DIO Initialization: OK
INP1 = False, INP2 = False
INP1 = False, INP2 = False
INP1 = False, INP2 = False
INP1 = False, INP2 = False
INP1 = False, INP2 = False
INP1 = False, INP2 = False
INP1 = False, INP2 = False
INP1 = False, INP2 = False
INP1 = False, INP2 = False
INP1 = False, INP2 = False
INP1 = False, INP2 = False
INP1 = False, INP2 = False
INP1 = False, INP2 = False
INP1 = False, INP2 = False
INP1 = False, INP2 = False
INP1 = False, INP2 = False
INP1 = False, INP2 = False
INP1 = False, INP2 = False
INP1 = False, INP2 = False
INP1 = False, INP2 = False
INP1 = False, INP2 = False
INP1 = False, INP2 = False
INP1 = False, INP2 = False
INP1 = False, INP2 = False
INP1 = False, INP2 = False
INP1 = False, INP2 = False
INP1 = False, INP2 = False
INP1 = True, INP2 = True
INP1 = False, INP2 = False
INP1 = False, INP2 = False
INP1 = False, INP2 = False
INP1 = False, INP2 = False
INP1 = False, INP2 = False
INP1 = False, INP2 = False
INP1 = True, INP2 = True
INP1 = False, INP2 = False
INP1 = False, INP2 = False
INP1 = False, INP2 = False
INP1 = False, INP2 = False
INP1 = False, INP2 = False
INP1 = False, INP2 = False
INP1 = False, INP2 = False
INP1 = False, INP2 = False
INP1 = False, INP2 = False
INP1 = False, INP2 = False
INP1 = False, INP2 = False
INP1 = False, INP2 = False
INP1 = False, INP2 = False
INP1 = False, INP2 = False
INP1 = False, INP2 = False
INP1 = False, INP2 = False
INP1 = False, INP2 = False
INP1 = False, INP2 = False
INP1 = False, INP2 = False
INP1 = False, INP2 = False
INP1 = False, INP2 = False
INP1 = False, INP2 = False
INP1 = False, INP2 = False
INP1 = False, INP2 = False
INP1 = False, INP2 = False
INP1 = False, INP2 = False
INP1 = False, INP2 = False
INP1 = False, INP2 = False
INP1 = False, INP2 = False
INP1 = False, INP2 = False
INP1 = False, INP2 = False
INP1 = False, INP2 = False
INP1 = False, INP2 = False
INP1 = False, INP2 = False
INP1 = False, INP2 = False
INP1 = False, INP2 = False
INP1 = False, INP2 = False
INP1 = False, INP2 = False
INP1 = False, INP2 = False
INP1 = False, INP2 = False
INP1 = False, INP2 = False
INP1 = False, INP2 = False
INP1 = False, INP2 = False
INP1 = False, INP2 = False
INP1 = False, INP2 = False
INP1 = False, INP2 = False
INP1 = False, INP2 = False
INP1 = False, INP2 = False
INP1 = False, INP2 = False
INP1 = False, INP2 = False
INP1 = False, INP2 = False
INP1 = False, INP2 = False
INP1 = False, INP2 = False
INP1 = False, INP2 = False
INP1 = False, INP2 = False
INP1 = False, INP2 = False
INP1 = False, INP2 = False
INP1 = False, INP2 = False
INP1 = False, INP2 = False
INP1 = False, INP2 = False
INP1 = False, INP2 = False
INP1 = False, INP2 = False
INP1 = False, INP2 = False
INP1 = False, INP2 = False
INP1 = False, INP2 = False
INP1 = False, INP2 = False
INP1 = False, INP2 = False
INP1 = False, INP2 = False
INP1 = False, INP2 = False
INP1 = False, INP2 = False
INP1 = False, INP2 = False
INP1 = False, INP2 = False
INP1 = False, INP2 = False
INP1 = False, INP2 = False
INP1 = False, INP2 = False
INP1 = False, INP2 = False
INP1 = False, INP2 = False
INP1 = False, INP2 = False
INP1 = False, INP2 = False
INP1 = False, INP2 = False
INP1 = False, INP2 = False
INP1 = False, INP2 = False
INP1 = False, INP2 = False
INP1 = False, INP2 = False
INP1 = False, INP2 = False
INP1 = False, INP2 = False
INP1 = False, INP2 = False
INP1 = False, INP2 = False
INP1 = False, INP2 = False
INP1 = False, INP2 = False
INP1 = False, INP2 = False
INP1 = True, INP2 = True
INP1 = False, INP2 = False
INP1 = False, INP2 = False
INP1 = False, INP2 = False
INP1 = False, INP2 = False
INP1 = False, INP2 = False
INP1 = False, INP2 = False
INP1 = False, INP2 = False
INP1 = False, INP2 = False
INP1 = False, INP2 = False
INP1 = False, INP2 = False
INP1 = False, INP2 = False
INP1 = False, INP2 = False
INP1 = False, INP2 = False
INP1 = False, INP2 = False
INP1 = False, INP2 = False
INP1 = False, INP2 = False
INP1 = False, INP2 = False
INP1 = False, INP2 = False
INP1 = False, INP2 = False
INP1 = False, INP2 = False
INP1 = False, INP2 = False
INP1 = False, INP2 = False
INP1 = False, INP2 = False
INP1 = False, INP2 = False
INP1 = False, INP2 = False
INP1 = False, INP2 = False
INP1 = False, INP2 = False
INP1 = False, INP2 = False
INP1 = False, INP2 = False
INP1 = False, INP2 = False
INP1 = False, INP2 = False
INP1 = False, INP2 = False
INP1 = False, INP2 = False
INP1 = False, INP2 = False
INP1 = False, INP2 = False
INP1 = False, INP2 = False
INP1 = False, INP2 = False
INP1 = False, INP2 = False
INP1 = False, INP2 = False
INP1 = False, INP2 = False
INP1 = False, INP2 = False
INP1 = False, INP2 = False
INP1 = False, INP2 = False
INP1 = False, INP2 = False
INP1 = False, INP2 = False
INP1 = False, INP2 = False
INP1 = False, INP2 = False
INP1 = False, INP2 = False
INP1 = False, INP2 = False
INP1 = False, INP2 = False
INP1 = False, INP2 = False
INP1 = False, INP2 = False
INP1 = False, INP2 = False
INP1 = False, INP2 = False
INP1 = False, INP2 = False
INP1 = False, INP2 = False
INP1 = False, INP2 = False
INP1 = False, INP2 = False
INP1 = False, INP2 = False
INP1 = False, INP2 = False
INP1 = False, INP2 = False
INP1 = False, INP2 = False
INP1 = False, INP2 = False
INP1 = False, INP2 = False
INP1 = False, INP2 = False
INP1 = False, INP2 = False
INP1 = False, INP2 = False
INP1 = False, INP2 = False
INP1 = False, INP2 = False
INP1 = False, INP2 = False
INP1 = False, INP2 = False
INP1 = False, INP2 = False
INP1 = False, INP2 = False
INP1 = False, INP2 = False
INP1 = False, INP2 = False
INP1 = False, INP2 = False
INP1 = False, INP2 = False
INP1 = False, INP2 = False
INP1 = False, INP2 = False
INP1 = False, INP2 = False
INP1 = False, INP2 = False
INP1 = False, INP2 = False
INP1 = False, INP2 = False
INP1 = False, INP2 = False
INP1 = False, INP2 = False
INP1 = False, INP2 = False
INP1 = False, INP2 = False
INP1 = False, INP2 = False
INP1 = False, INP2 = False
INP1 = False, INP2 = False
INP1 = False, INP2 = False
INP1 = False, INP2 = False
INP1 = False, INP2 = False
INP1 = False, INP2 = False
INP1 = False, INP2 = False
INP1 = False, INP2 = False
INP1 = False, INP2 = False
INP1 = False, INP2 = False
INP1 = False, INP2 = False
INP1 = False, INP2 = False
INP1 = False, INP2 = False
INP1 = False, INP2 = False
INP1 = True, INP2 = True
INP1 = False, INP2 = False
INP1 = False, INP2 = False
INP1 = False, INP2 = False
INP1 = False, INP2 = False
INP1 = False, INP2 = False
INP1 = False, INP2 = False
INP1 = False, INP2 = False
INP1 = False, INP2 = False
INP1 = False, INP2 = False
INP1 = False, INP2 = False
INP1 = False, INP2 = False
INP1 = False, INP2 = False
INP1 = False, INP2 = False
INP1 = False, INP2 = False
INP1 = False, INP2 = False
INP1 = False, INP2 = False
INP1 = False, INP2 = False
INP1 = False, INP2 = False
INP1 = False, INP2 = False
INP1 = False, INP2 = False
INP1 = False, INP2 = False
INP1 = False, INP2 = False
INP1 = False, INP2 = False
INP1 = False, INP2 = False
INP1 = False, INP2 = False
INP1 = False, INP2 = False
INP1 = False, INP2 = False
INP1 = False, INP2 = False
INP1 = False, INP2 = False
INP1 = False, INP2 = False
INP1 = False, INP2 = False
INP1 = False, INP2 = False
INP1 = False, INP2 = False
INP1 = False, INP2 = False
INP1 = False, INP2 = False
INP1 = False, INP2 = False
INP1 = False, INP2 = False
INP1 = False, INP2 = False
INP1 = False, INP2 = False
INP1 = False, INP2 = False
INP1 = False, INP2 = False
INP1 = False, INP2 = False
INP1 = False, INP2 = False
INP1 = False, INP2 = False
INP1 = False, INP2 = False
INP1 = False, INP2 = False
INP1 = False, INP2 = False
INP1 = False, INP2 = False
INP1 = False, INP2 = False
INP1 = False, INP2 = False
INP1 = False, INP2 = False
INP1 = False, INP2 = False
INP1 = False, INP2 = False
INP1 = False, INP2 = False
INP1 = False, INP2 = False
INP1 = False, INP2 = False
INP1 = False, INP2 = False
INP1 = False, INP2 = False
INP1 = False, INP2 = False
INP1 = False, INP2 = False
INP1 = False, INP2 = False
INP1 = False, INP2 = False
INP1 = False, INP2 = False
INP1 = False, INP2 = False
INP1 = False, INP2 = False
INP1 = False, INP2 = False
INP1 = False, INP2 = False
INP1 = False, INP2 = False
INP1 = False, INP2 = False
INP1 = False, INP2 = False
INP1 = False, INP2 = False
INP1 = False, INP2 = False
INP1 = False, INP2 = False
INP1 = False, INP2 = False
INP1 = False, INP2 = False
INP1 = False, INP2 = False
INP1 = False, INP2 = False
INP1 = False, INP2 = False
INP1 = False, INP2 = False
INP1 = False, INP2 = False
INP1 = False, INP2 = False
INP1 = False, INP2 = False
INP1 = False, INP2 = False
INP1 = False, INP2 = False
INP1 = False, INP2 = False
INP1 = False, INP2 = False
INP1 = False, INP2 = False
INP1 = False, INP2 = False
INP1 = False, INP2 = False
INP1 = False, INP2 = False
INP1 = False, INP2 = False
INP1 = False, INP2 = False
INP1 = True, INP2 = True
INP1 = False, INP2 = False
INP1 = False, INP2 = False
INP1 = False, INP2 = False
INP1 = False, INP2 = False
INP1 = False, INP2 = False
INP1 = False, INP2 = False
INP1 = False, INP2 = False
INP1 = False, INP2 = False
INP1 = False, INP2 = False
INP1 = True, INP2 = True
INP1 = False, INP2 = False
INP1 = False, INP2 = False
INP1 = False, INP2 = False
INP1 = False, INP2 = False
INP1 = False, INP2 = False
INP1 = False, INP2 = False
INP1 = False, INP2 = False
INP1 = False, INP2 = False
INP1 = False, INP2 = False
INP1 = False, INP2 = False
INP1 = False, INP2 = False
INP1 = False, INP2 = False
INP1 = False, INP2 = False
INP1 = False, INP2 = False
INP1 = False, INP2 = False
INP1 = False, INP2 = False
INP1 = False, INP2 = False
INP1 = False, INP2 = False
INP1 = False, INP2 = False
INP1 = False, INP2 = False
INP1 = False, INP2 = False
INP1 = False, INP2 = False
INP1 = False, INP2 = False
INP1 = False, INP2 = False
INP1 = False, INP2 = False
INP1 = False, INP2 = False
INP1 = False, INP2 = False
INP1 = False, INP2 = False
INP1 = False, INP2 = False
INP1 = False, INP2 = False
INP1 = False, INP2 = False
INP1 = False, INP2 = False
INP1 = False, INP2 = False
INP1 = False, INP2 = False
INP1 = False, INP2 = False
INP1 = False, INP2 = False
INP1 = False, INP2 = False
INP1 = False, INP2 = False
INP1 = False, INP2 = False
INP1 = False, INP2 = False
INP1 = False, INP2 = False
INP1 = False, INP2 = False
INP1 = False, INP2 = False
INP1 = False, INP2 = False
INP1 = False, INP2 = False
INP1 = False, INP2 = False
INP1 = False, INP2 = False
INP1 = False, INP2 = False
INP1 = False, INP2 = False
INP1 = False, INP2 = False
INP1 = False, INP2 = False
INP1 = False, INP2 = False
INP1 = False, INP2 = False
INP1 = False, INP2 = False
INP1 = False, INP2 = False
INP1 = False, INP2 = False
INP1 = False, INP2 = False
INP1 = False, INP2 = False
INP1 = False, INP2 = False
INP1 = False, INP2 = False
INP1 = False, INP2 = False
INP1 = False, INP2 = False
INP1 = False, INP2 = False
INP1 = False, INP2 = False
INP1 = False, INP2 = False
INP1 = False, INP2 = False
INP1 = False, INP2 = False
INP1 = False, INP2 = False
INP1 = False, INP2 = False
INP1 = False, INP2 = False
INP1 = False, INP2 = False
INP1 = False, INP2 = False
INP1 = False, INP2 = False
INP1 = False, INP2 = False
INP1 = False, INP2 = False
INP1 = False, INP2 = False
INP1 = False, INP2 = False
INP1 = False, INP2 = False
INP1 = False, INP2 = False
INP1 = False, INP2 = False
INP1 = False, INP2 = False
INP1 = False, INP2 = False
INP1 = False, INP2 = False
INP1 = False, INP2 = False
INP1 = False, INP2 = False
INP1 = False, INP2 = False
INP1 = False, INP2 = False
INP1 = False, INP2 = False
INP1 = True, INP2 = True
INP1 = False, INP2 = False
INP1 = False, INP2 = False
INP1 = False, INP2 = False
INP1 = False, INP2 = False
INP1 = False, INP2 = False
INP1 = False, INP2 = False
INP1 = False, INP2 = False
INP1 = False, INP2 = False
INP1 = False, INP2 = False
INP1 = False, INP2 = False
INP1 = False, INP2 = False
INP1 = False, INP2 = False
INP1 = False, INP2 = False
INP1 = False, INP2 = False
INP1 = False, INP2 = False
INP1 = False, INP2 = False
INP1 = False, INP2 = False
INP1 = False, INP2 = False
INP1 = False, INP2 = False
INP1 = False, INP2 = False
INP1 = False, INP2 = False
INP1 = False, INP2 = False
INP1 = False, INP2 = False
INP1 = False, INP2 = False
INP1 = False, INP2 = False
INP1 = False, INP2 = False
INP1 = False, INP2 = False
INP1 = False, INP2 = False
INP1 = False, INP2 = False
INP1 = False, INP2 = False
INP1 = False, INP2 = False
INP1 = False, INP2 = False
INP1 = False, INP2 = False
INP1 = False, INP2 = False
INP1 = False, INP2 = False
INP1 = False, INP2 = False
INP1 = False, INP2 = False
INP1 = False, INP2 = False
INP1 = False, INP2 = False
INP1 = False, INP2 = False
INP1 = False, INP2 = False
INP1 = False, INP2 = False
INP1 = False, INP2 = False
INP1 = False, INP2 = False
INP1 = False, INP2 = False
INP1 = False, INP2 = False
INP1 = False, INP2 = False
INP1 = False, INP2 = False
INP1 = False, INP2 = False
INP1 = False, INP2 = False
INP1 = False, INP2 = False
INP1 = False, INP2 = False
INP1 = False, INP2 = False
INP1 = False, INP2 = False
INP1 = False, INP2 = False
INP1 = False, INP2 = False
INP1 = False, INP2 = False
INP1 = False, INP2 = False
INP1 = False, INP2 = False
INP1 = False, INP2 = False
INP1 = False, INP2 = False
INP1 = False, INP2 = False
INP1 = False, INP2 = False
INP1 = False, INP2 = False
INP1 = False, INP2 = False
INP1 = False, INP2 = False
INP1 = False, INP2 = False
INP1 = False, INP2 = False
INP1 = False, INP2 = False
INP1 = False, INP2 = False
INP1 = False, INP2 = False
INP1 = False, INP2 = False
INP1 = False, INP2 = False
INP1 = False, INP2 = False
INP1 = False, INP2 = False
INP1 = False, INP2 = False
INP1 = False, INP2 = False
INP1 = False, INP2 = False
INP1 = False, INP2 = False
INP1 = False, INP2 = False
INP1 = False, INP2 = False
INP1 = False, INP2 = False
INP1 = False, INP2 = False
INP1 = False, INP2 = False
INP1 = False, INP2 = False
INP1 = False, INP2 = False
INP1 = False, INP2 = False
INP1 = False, INP2 = False
INP1 = False, INP2 = False
INP1 = False, INP2 = False
INP1 = False, INP2 = False
INP1 = False, INP2 = False
INP1 = False, INP2 = False
INP1 = False, INP2 = False
INP1 = False, INP2 = False
INP1 = False, INP2 = False
INP1 = False, INP2 = False
INP1 = False, INP2 = False
INP1 = False, INP2 = False
INP1 = True, INP2 = True
INP1 = False, INP2 = False
INP1 = False, INP2 = False
INP1 = False, INP2 = False
INP1 = False, INP2 = False
INP1 = False, INP2 = False
INP1 = False, INP2 = False
INP1 = False, INP2 = False
INP1 = False, INP2 = False
INP1 = True, INP2 = False
INP1 = False, INP2 = False
INP1 = False, INP2 = False
INP1 = False, INP2 = False
INP1 = False, INP2 = False
INP1 = False, INP2 = False
INP1 = False, INP2 = False
INP1 = False, INP2 = False
INP1 = False, INP2 = False
INP1 = False, INP2 = False
INP1 = False, INP2 = False
INP1 = False, INP2 = False
INP1 = False, INP2 = False
INP1 = False, INP2 = False
INP1 = False, INP2 = False
INP1 = False, INP2 = False
INP1 = False, INP2 = False
INP1 = False, INP2 = False
INP1 = False, INP2 = False
INP1 = False, INP2 = False
INP1 = False, INP2 = False
INP1 = False, INP2 = False
INP1 = False, INP2 = False
INP1 = False, INP2 = False
INP1 = False, INP2 = False
INP1 = False, INP2 = False
INP1 = False, INP2 = False
INP1 = False, INP2 = False
INP1 = False, INP2 = False
INP1 = False, INP2 = False
INP1 = False, INP2 = False
INP1 = False, INP2 = False
INP1 = False, INP2 = False
INP1 = False, INP2 = False
INP1 = False, INP2 = False
INP1 = False, INP2 = False
INP1 = False, INP2 = False
INP1 = False, INP2 = False
INP1 = False, INP2 = False
INP1 = False, INP2 = False
INP1 = False, INP2 = False
INP1 = False, INP2 = False
INP1 = False, INP2 = False
INP1 = False, INP2 = False
INP1 = False, INP2 = False
INP1 = False, INP2 = False
INP1 = False, INP2 = False
INP1 = False, INP2 = False
INP1 = False, INP2 = False
INP1 = False, INP2 = False
INP1 = False, INP2 = False
INP1 = False, INP2 = False
INP1 = False, INP2 = False
INP1 = False, INP2 = False
INP1 = False, INP2 = False
INP1 = False, INP2 = False
INP1 = False, INP2 = False
INP1 = False, INP2 = False
INP1 = False, INP2 = False
INP1 = False, INP2 = False
INP1 = False, INP2 = False
INP1 = False, INP2 = False
INP1 = False, INP2 = False
INP1 = False, INP2 = False
INP1 = False, INP2 = False
INP1 = False, INP2 = False
INP1 = False, INP2 = False
INP1 = False, INP2 = False
INP1 = False, INP2 = False
INP1 = False, INP2 = False
INP1 = False, INP2 = False
INP1 = False, INP2 = False
INP1 = False, INP2 = False
INP1 = False, INP2 = False
INP1 = False, INP2 = False
INP1 = False, INP2 = False
INP1 = False, INP2 = False
INP1 = False, INP2 = False
INP1 = False, INP2 = False
INP1 = False, INP2 = False
INP1 = False, INP2 = False
INP1 = False, INP2 = False
INP1 = False, INP2 = False
INP1 = False, INP2 = False
INP1 = False, INP2 = False
INP1 = False, INP2 = False
INP1 = False, INP2 = False
INP1 = False, INP2 = False
INP1 = False, INP2 = False
INP1 = False, INP2 = False
INP1 = False, INP2 = False
INP1 = False, INP2 = False
INP1 = False, INP2 = False
INP1 = False, INP2 = False
INP1 = False, INP2 = False
INP1 = False, INP2 = False
INP1 = False, INP2 = False
INP1 = False, INP2 = False
INP1 = False, INP2 = False
INP1 = False, INP2 = False
INP1 = False, INP2 = False
INP1 = False, INP2 = False
INP1 = False, INP2 = False
INP1 = False, INP2 = False
INP1 = False, INP2 = False
INP1 = False, INP2 = False
INP1 = False, INP2 = False
INP1 = False, INP2 = False
INP1 = False, INP2 = False
INP1 = False, INP2 = False
INP1 = False, INP2 = False
INP1 = False, INP2 = False
INP1 = False, INP2 = False
INP1 = False, INP2 = False
INP1 = False, INP2 = False
INP1 = False, INP2 = False
INP1 = False, INP2 = False
INP1 = False, INP2 = False
INP1 = False, INP2 = False
INP1 = False, INP2 = False
INP1 = False, INP2 = False
INP1 = False, INP2 = False
INP1 = False, INP2 = False
INP1 = False, INP2 = False
INP1 = False, INP2 = False
INP1 = False, INP2 = False
INP1 = False, INP2 = False
INP1 = False, INP2 = False
INP1 = False, INP2 = False
INP1 = False, INP2 = False
INP1 = False, INP2 = False
INP1 = False, INP2 = False
INP1 = False, INP2 = False
INP1 = False, INP2 = False
INP1 = False, INP2 = False
INP1 = False, INP2 = False
INP1 = False, INP2 = False
INP1 = False, INP2 = False
INP1 = False, INP2 = False
INP1 = False, INP2 = False
INP1 = False, INP2 = False
INP1 = False, INP2 = False
INP1 = False, INP2 = False
INP1 = False, INP2 = False
INP1 = False, INP2 = False
INP1 = False, INP2 = False
INP1 = False, INP2 = False
INP1 = False, INP2 = False
INP1 = False, INP2 = False
INP1 = False, INP2 = False
INP1 = False, INP2 = False
INP1 = False, INP2 = False
INP1 = False, INP2 = False
INP1 = False, INP2 = False
INP1 = False, INP2 = False
INP1 = False, INP2 = False
INP1 = False, INP2 = False
INP1 = False, INP2 = False
INP1 = False, INP2 = False
INP1 = False, INP2 = False
INP1 = False, INP2 = False
INP1 = False, INP2 = False
INP1 = False, INP2 = False
INP1 = False, INP2 = False
INP1 = False, INP2 = False
INP1 = False, INP2 = False
INP1 = False, INP2 = False
INP1 = False, INP2 = False
INP1 = False, INP2 = False
INP1 = False, INP2 = False
INP1 = False, INP2 = False
INP1 = False, INP2 = False
INP1 = False, INP2 = False
INP1 = False, INP2 = False
INP1 = False, INP2 = False
INP1 = False, INP2 = False
INP1 = False, INP2 = False
INP1 = False, INP2 = False
INP1 = False, INP2 = False
INP1 = False, INP2 = False
INP1 = False, INP2 = False
INP1 = False, INP2 = False
INP1 = False, INP2 = False
INP1 = False, INP2 = False
INP1 = False, INP2 = False
INP1 = False, INP2 = False
INP1 = False, INP2 = False
INP1 = False, INP2 = False
INP1 = True, INP2 = True
INP1 = False, INP2 = False
INP1 = False, INP2 = False
INP1 = False, INP2 = False
INP1 = False, INP2 = False
INP1 = False, INP2 = False
INP1 = False, INP2 = False
INP1 = False, INP2 = False
INP1 = False, INP2 = False
INP1 = True, INP2 = True
INP1 = False, INP2 = False
INP1 = False, INP2 = False
INP1 = False, INP2 = False
INP1 = False, INP2 = False
INP1 = False, INP2 = False
INP1 = False, INP2 = False
INP1 = False, INP2 = False
INP1 = False, INP2 = False
INP1 = False, INP2 = False
INP1 = False, INP2 = False
INP1 = False, INP2 = False
INP1 = False, INP2 = False
INP1 = False, INP2 = False
INP1 = False, INP2 = False
INP1 = False, INP2 = False
INP1 = False, INP2 = False
INP1 = False, INP2 = False
INP1 = False, INP2 = False
INP1 = False, INP2 = False
INP1 = False, INP2 = False
INP1 = False, INP2 = False
INP1 = False, INP2 = False
INP1 = False, INP2 = False
INP1 = False, INP2 = False
INP1 = False, INP2 = False
INP1 = False, INP2 = False
INP1 = False, INP2 = False
INP1 = False, INP2 = False
INP1 = False, INP2 = False
INP1 = False, INP2 = False
INP1 = False, INP2 = False
INP1 = False, INP2 = False
INP1 = False, INP2 = False
INP1 = False, INP2 = False
INP1 = False, INP2 = False
INP1 = False, INP2 = False
INP1 = False, INP2 = False
INP1 = False, INP2 = False
INP1 = False, INP2 = False
INP1 = False, INP2 = False
INP1 = False, INP2 = False
INP1 = False, INP2 = False
INP1 = False, INP2 = False
INP1 = False, INP2 = False
INP1 = False, INP2 = False
INP1 = False, INP2 = False
INP1 = False, INP2 = False
INP1 = False, INP2 = False
INP1 = False, INP2 = False
INP1 = False, INP2 = False
INP1 = False, INP2 = False
INP1 = False, INP2 = False
INP1 = False, INP2 = False
INP1 = False, INP2 = False
INP1 = False, INP2 = False
INP1 = False, INP2 = False
INP1 = False, INP2 = False
INP1 = False, INP2 = False
INP1 = False, INP2 = False
INP1 = False, INP2 = False
INP1 = False, INP2 = False
INP1 = False, INP2 = False
INP1 = False, INP2 = False
INP1 = False, INP2 = False
INP1 = False, INP2 = False
INP1 = False, INP2 = False
INP1 = False, INP2 = False
INP1 = False, INP2 = False
INP1 = False, INP2 = False
INP1 = False, INP2 = False
INP1 = False, INP2 = False
INP1 = False, INP2 = False
INP1 = False, INP2 = False
INP1 = False, INP2 = False
INP1 = False, INP2 = False
INP1 = False, INP2 = False
INP1 = False, INP2 = False
INP1 = False, INP2 = False
INP1 = False, INP2 = False
INP1 = False, INP2 = False
INP1 = False, INP2 = False
INP1 = False, INP2 = False
INP1 = False, INP2 = False
INP1 = False, INP2 = False
INP1 = False, INP2 = False
INP1 = False, INP2 = False
INP1 = False, INP2 = False
INP1 = False, INP2 = False
INP1 = False, INP2 = False
INP1 = True, INP2 = True
INP1 = False, INP2 = False
INP1 = False, INP2 = False
INP1 = False, INP2 = False
INP1 = False, INP2 = False
INP1 = False, INP2 = False
INP1 = False, INP2 = False
INP1 = False, INP2 = False
INP1 = False, INP2 = False
INP1 = False, INP2 = False
INP1 = True, INP2 = True
INP1 = False, INP2 = False
INP1 = False, INP2 = False
INP1 = False, INP2 = False
INP1 = False, INP2 = False
INP1 = False, INP2 = False
INP1 = False, INP2 = False
INP1 = False, INP2 = False
INP1 = False, INP2 = False
INP1 = False, INP2 = False
INP1 = False, INP2 = False
INP1 = False, INP2 = False
INP1 = False, INP2 = False
INP1 = False, INP2 = False
INP1 = False, INP2 = False
INP1 = False, INP2 = False
INP1 = False, INP2 = False
INP1 = False, INP2 = False
INP1 = False, INP2 = False
INP1 = False, INP2 = False
INP1 = False, INP2 = False
INP1 = False, INP2 = False
INP1 = False, INP2 = False
INP1 = False, INP2 = False
INP1 = False, INP2 = False
INP1 = False, INP2 = False
INP1 = False, INP2 = False
INP1 = False, INP2 = False
INP1 = False, INP2 = False
INP1 = False, INP2 = False
INP1 = False, INP2 = False
INP1 = False, INP2 = False
INP1 = False, INP2 = False
INP1 = False, INP2 = False
INP1 = False, INP2 = False
INP1 = False, INP2 = False
INP1 = False, INP2 = False
INP1 = False, INP2 = False
INP1 = False, INP2 = False
INP1 = False, INP2 = False
INP1 = False, INP2 = False
INP1 = False, INP2 = False
INP1 = False, INP2 = False
INP1 = False, INP2 = False
INP1 = False, INP2 = False
INP1 = False, INP2 = False
INP1 = False, INP2 = False
INP1 = False, INP2 = False
INP1 = False, INP2 = False
INP1 = False, INP2 = False
INP1 = False, INP2 = False
INP1 = False, INP2 = False
INP1 = False, INP2 = False
INP1 = False, INP2 = False
INP1 = False, INP2 = False
INP1 = False, INP2 = False
INP1 = False, INP2 = False
INP1 = False, INP2 = False
INP1 = False, INP2 = False
INP1 = False, INP2 = False
INP1 = False, INP2 = False
INP1 = False, INP2 = False
INP1 = False, INP2 = False
INP1 = False, INP2 = False
INP1 = False, INP2 = False
INP1 = False, INP2 = False
INP1 = False, INP2 = False
INP1 = False, INP2 = False
INP1 = False, INP2 = False
INP1 = False, INP2 = False
INP1 = False, INP2 = False
INP1 = False, INP2 = False
INP1 = False, INP2 = False
INP1 = False, INP2 = False
INP1 = False, INP2 = False
INP1 = False, INP2 = False
INP1 = False, INP2 = False
INP1 = False, INP2 = False
INP1 = False, INP2 = False
INP1 = False, INP2 = False
INP1 = False, INP2 = False
INP1 = False, INP2 = False
INP1 = False, INP2 = False
INP1 = False, INP2 = False
INP1 = False, INP2 = False
INP1 = False, INP2 = False
INP1 = False, INP2 = False
INP1 = False, INP2 = False
INP1 = False, INP2 = False
INP1 = False, INP2 = False
INP1 = True, INP2 = True
INP1 = False, INP2 = False
INP1 = False, INP2 = False
INP1 = False, INP2 = False
INP1 = False, INP2 = False
INP1 = False, INP2 = False
INP1 = False, INP2 = False
INP1 = False, INP2 = False
INP1 = False, INP2 = False
INP1 = True, INP2 = True
INP1 = False, INP2 = False
INP1 = False, INP2 = False
INP1 = False, INP2 = False
INP1 = False, INP2 = False
INP1 = False, INP2 = False
INP1 = False, INP2 = False
INP1 = False, INP2 = False
INP1 = False, INP2 = False
INP1 = False, INP2 = False
INP1 = False, INP2 = False
INP1 = False, INP2 = False
INP1 = False, INP2 = False
INP1 = False, INP2 = False
INP1 = False, INP2 = False
INP1 = False, INP2 = False
INP1 = False, INP2 = False
INP1 = False, INP2 = False
INP1 = False, INP2 = False
INP1 = False, INP2 = False
INP1 = False, INP2 = False
INP1 = False, INP2 = False
INP1 = False, INP2 = False
INP1 = False, INP2 = False
INP1 = False, INP2 = False
INP1 = False, INP2 = False
INP1 = False, INP2 = False
INP1 = False, INP2 = False
INP1 = False, INP2 = False
INP1 = False, INP2 = False
INP1 = False, INP2 = False
INP1 = False, INP2 = False
INP1 = False, INP2 = False
INP1 = False, INP2 = False
INP1 = True, INP2 = True
INP1 = True, INP2 = True
INP1 = False, INP2 = False
INP1 = False, INP2 = False
INP1 = False, INP2 = False
INP1 = False, INP2 = False
INP1 = False, INP2 = False
INP1 = False, INP2 = False
INP1 = False, INP2 = False
INP1 = False, INP2 = False
INP1 = False, INP2 = False
INP1 = False, INP2 = False
INP1 = True, INP2 = True
INP1 = True, INP2 = True
INP1 = False, INP2 = False
INP1 = False, INP2 = False
INP1 = True, INP2 = True
INP1 = True, INP2 = True
INP1 = False, INP2 = False
INP1 = False, INP2 = False
INP1 = False, INP2 = False
INP1 = False, INP2 = False
INP1 = True, INP2 = True
INP1 = True, INP2 = True
INP1 = False, INP2 = False
INP1 = False, INP2 = False
INP1 = False, INP2 = False
INP1 = True, INP2 = True
INP1 = True, INP2 = True
INP1 = True, INP2 = True
INP1 = True, INP2 = True
INP1 = True, INP2 = True
INP1 = False, INP2 = False
INP1 = True, INP2 = True
INP1 = False, INP2 = False
INP1 = False, INP2 = False
INP1 = True, INP2 = True
INP1 = False, INP2 = False
INP1 = True, INP2 = True
INP1 = True, INP2 = True
INP1 = False, INP2 = False
INP1 = False, INP2 = False
INP1 = True, INP2 = True
INP1 = True, INP2 = True
INP1 = True, INP2 = True
INP1 = True, INP2 = True
INP1 = False, INP2 = False
INP1 = False, INP2 = False
INP1 = True, INP2 = True
INP1 = True, INP2 = True
INP1 = False, INP2 = False
INP1 = False, INP2 = False
INP1 = False, INP2 = False
INP1 = False, INP2 = False
INP1 = True, INP2 = True
INP1 = False, INP2 = False
INP1 = True, INP2 = True
INP1 = False, INP2 = False
INP1 = False, INP2 = False
INP1 = False, INP2 = False
INP1 = False, INP2 = False
INP1 = True, INP2 = True
INP1 = True, INP2 = True
INP1 = False, INP2 = False
INP1 = False, INP2 = False
INP1 = False, INP2 = False
INP1 = True, INP2 = True
INP1 = False, INP2 = False
INP1 = False, INP2 = False
INP1 = False, INP2 = False
INP1 = False, INP2 = False
INP1 = False, INP2 = False
INP1 = False, INP2 = False
INP1 = False, INP2 = False
INP1 = True, INP2 = True
INP1 = True, INP2 = True
INP1 = True, INP2 = True
INP1 = True, INP2 = True
INP1 = False, INP2 = False
INP1 = True, INP2 = True
INP1 = True, INP2 = True
INP1 = False, INP2 = False
INP1 = False, INP2 = False
INP1 = False, INP2 = False
INP1 = False, INP2 = False
INP1 = True, INP2 = True
INP1 = False, INP2 = False
INP1 = False, INP2 = False
INP1 = False, INP2 = False
INP1 = True, INP2 = True
INP1 = True, INP2 = True
INP1 = False, INP2 = False
INP1 = False, INP2 = False
INP1 = False, INP2 = False
INP1 = False, INP2 = False
INP1 = False, INP2 = False
INP1 = False, INP2 = False
INP1 = False, INP2 = False
INP1 = False, INP2 = False
INP1 = False, INP2 = False
INP1 = False, INP2 = False
INP1 = False, INP2 = False
INP1 = False, INP2 = False
INP1 = False, INP2 = False
INP1 = False, INP2 = False
INP1 = False, INP2 = False
INP1 = False, INP2 = False
INP1 = False, INP2 = False
INP1 = False, INP2 = False
INP1 = False, INP2 = False
INP1 = False, INP2 = False
INP1 = False, INP2 = False
INP1 = False, INP2 = False
INP1 = False, INP2 = False
INP1 = False, INP2 = False
INP1 = False, INP2 = False
INP1 = False, INP2 = False
INP1 = False, INP2 = False
INP1 = False, INP2 = False
INP1 = False, INP2 = False
INP1 = False, INP2 = False
INP1 = False, INP2 = False
INP1 = False, INP2 = False
INP1 = False, INP2 = False
INP1 = False, INP2 = False
INP1 = False, INP2 = False
INP1 = False, INP2 = False
INP1 = False, INP2 = False
INP1 = False, INP2 = False
INP1 = False, INP2 = False
INP1 = False, INP2 = False
INP1 = False, INP2 = False
INP1 = False, INP2 = False
INP1 = False, INP2 = False
INP1 = False, INP2 = False
INP1 = False, INP2 = False
INP1 = False, INP2 = False
INP1 = False, INP2 = False
INP1 = False, INP2 = False
INP1 = False, INP2 = False
INP1 = False, INP2 = False
INP1 = False, INP2 = False
INP1 = False, INP2 = False
INP1 = False, INP2 = False
INP1 = False, INP2 = False
INP1 = False, INP2 = False
INP1 = False, INP2 = False
INP1 = False, INP2 = False
INP1 = False, INP2 = False
INP1 = False, INP2 = False
INP1 = False, INP2 = False
INP1 = False, INP2 = False
INP1 = False, INP2 = False
INP1 = False, INP2 = False
INP1 = False, INP2 = False
INP1 = False, INP2 = False
INP1 = True, INP2 = True
INP1 = False, INP2 = False
INP1 = False, INP2 = False
INP1 = False, INP2 = False
INP1 = False, INP2 = False
INP1 = False, INP2 = False
INP1 = False, INP2 = False
INP1 = False, INP2 = False
INP1 = False, INP2 = False
INP1 = True, INP2 = True
INP1 = False, INP2 = False
INP1 = False, INP2 = False
INP1 = False, INP2 = False
INP1 = False, INP2 = False
INP1 = False, INP2 = False
INP1 = False, INP2 = False
INP1 = False, INP2 = False
INP1 = False, INP2 = False
INP1 = False, INP2 = False
INP1 = False, INP2 = False
INP1 = False, INP2 = False
INP1 = False, INP2 = False
INP1 = False, INP2 = False
INP1 = False, INP2 = False
INP1 = False, INP2 = False
INP1 = False, INP2 = False
INP1 = False, INP2 = False
INP1 = False, INP2 = False
INP1 = False, INP2 = False
INP1 = False, INP2 = False
INP1 = False, INP2 = False
INP1 = False, INP2 = False
INP1 = False, INP2 = False
INP1 = False, INP2 = False
INP1 = False, INP2 = False
INP1 = False, INP2 = False
INP1 = False, INP2 = False
INP1 = False, INP2 = False
INP1 = False, INP2 = False
INP1 = False, INP2 = False
INP1 = False, INP2 = False
INP1 = False, INP2 = False
INP1 = False, INP2 = False
INP1 = False, INP2 = False
INP1 = False, INP2 = False
INP1 = False, INP2 = False
INP1 = False, INP2 = False
INP1 = False, INP2 = False
INP1 = False, INP2 = False
INP1 = False, INP2 = False
INP1 = False, INP2 = False
INP1 = False, INP2 = False
INP1 = False, INP2 = False
INP1 = False, INP2 = False
INP1 = False, INP2 = False
INP1 = False, INP2 = False
INP1 = False, INP2 = False
INP1 = False, INP2 = False
INP1 = False, INP2 = False
INP1 = False, INP2 = False
INP1 = False, INP2 = False
INP1 = False, INP2 = False
INP1 = False, INP2 = False
INP1 = False, INP2 = False
INP1 = False, INP2 = False
INP1 = False, INP2 = False
INP1 = False, INP2 = False
INP1 = False, INP2 = False
INP1 = False, INP2 = False
INP1 = False, INP2 = False
INP1 = False, INP2 = False
INP1 = False, INP2 = False
INP1 = False, INP2 = False
INP1 = False, INP2 = False
INP1 = False, INP2 = False
INP1 = False, INP2 = False
INP1 = False, INP2 = False
INP1 = False, INP2 = False
INP1 = False, INP2 = False
INP1 = False, INP2 = False
INP1 = False, INP2 = False
INP1 = False, INP2 = False
INP1 = False, INP2 = False
INP1 = False, INP2 = False
INP1 = False, INP2 = False
INP1 = False, INP2 = False
INP1 = False, INP2 = False
INP1 = False, INP2 = False
INP1 = False, INP2 = False
INP1 = False, INP2 = False
INP1 = False, INP2 = False
INP1 = False, INP2 = False
INP1 = False, INP2 = False
INP1 = False, INP2 = False
INP1 = False, INP2 = False
INP1 = False, INP2 = False
INP1 = False, INP2 = False
INP1 = False, INP2 = False
INP1 = False, INP2 = False
INP1 = True, INP2 = True
INP1 = False, INP2 = False
INP1 = False, INP2 = False
INP1 = False, INP2 = False
INP1 = False, INP2 = False
INP1 = False, INP2 = False
INP1 = False, INP2 = False
INP1 = False, INP2 = False
INP1 = False, INP2 = False
INP1 = True, INP2 = True
INP1 = False, INP2 = False
INP1 = False, INP2 = False
INP1 = False, INP2 = False
INP1 = False, INP2 = False
INP1 = False, INP2 = False
INP1 = False, INP2 = False
INP1 = False, INP2 = False
INP1 = False, INP2 = False
INP1 = False, INP2 = False
INP1 = False, INP2 = False
INP1 = False, INP2 = False
INP1 = False, INP2 = False
INP1 = False, INP2 = False
INP1 = False, INP2 = False
INP1 = False, INP2 = False
INP1 = False, INP2 = False
INP1 = False, INP2 = False
INP1 = False, INP2 = False
INP1 = False, INP2 = False
INP1 = False, INP2 = False
INP1 = False, INP2 = False
INP1 = False, INP2 = False
INP1 = False, INP2 = False
INP1 = False, INP2 = False
INP1 = False, INP2 = False
INP1 = False, INP2 = False
INP1 = False, INP2 = False
INP1 = False, INP2 = False
INP1 = False, INP2 = False
INP1 = False, INP2 = False
INP1 = False, INP2 = False
INP1 = False, INP2 = False
INP1 = False, INP2 = False
INP1 = False, INP2 = False
INP1 = False, INP2 = False
INP1 = False, INP2 = False
INP1 = False, INP2 = False
INP1 = False, INP2 = False
INP1 = False, INP2 = False
INP1 = False, INP2 = False
INP1 = False, INP2 = False
INP1 = False, INP2 = False
INP1 = False, INP2 = False
INP1 = False, INP2 = False
INP1 = False, INP2 = False
INP1 = False, INP2 = False
INP1 = False, INP2 = False
INP1 = False, INP2 = False
INP1 = False, INP2 = False
INP1 = False, INP2 = False
INP1 = False, INP2 = False
INP1 = False, INP2 = False
INP1 = False, INP2 = False
INP1 = False, INP2 = False
INP1 = False, INP2 = False
INP1 = False, INP2 = False
INP1 = False, INP2 = False
INP1 = False, INP2 = False
INP1 = False, INP2 = False
INP1 = False, INP2 = False
INP1 = False, INP2 = False
INP1 = False, INP2 = False
INP1 = False, INP2 = False
INP1 = False, INP2 = False
INP1 = False, INP2 = False
INP1 = False, INP2 = False
INP1 = False, INP2 = False
INP1 = False, INP2 = False
INP1 = False, INP2 = False
INP1 = False, INP2 = False
INP1 = False, INP2 = False
INP1 = False, INP2 = False
INP1 = False, INP2 = False
INP1 = False, INP2 = False
INP1 = False, INP2 = False
INP1 = False, INP2 = False
INP1 = False, INP2 = False
INP1 = False, INP2 = False
INP1 = False, INP2 = False
INP1 = False, INP2 = False
INP1 = False, INP2 = False
INP1 = False, INP2 = False
INP1 = False, INP2 = False
INP1 = False, INP2 = False
INP1 = False, INP2 = False
INP1 = False, INP2 = False
INP1 = False, INP2 = False
INP1 = False, INP2 = False
INP1 = False, INP2 = False
INP1 = False, INP2 = False
INP1 = True, INP2 = True
INP1 = False, INP2 = False
INP1 = True, INP2 = False
INP1 = False, INP2 = False
INP1 = False, INP2 = False
INP1 = False, INP2 = False
INP1 = False, INP2 = False
INP1 = False, INP2 = False
INP1 = False, INP2 = False
INP1 = False, INP2 = False
INP1 = False, INP2 = False
INP1 = False, INP2 = False
INP1 = False, INP2 = False
INP1 = False, INP2 = False
INP1 = False, INP2 = False
INP1 = False, INP2 = False
INP1 = False, INP2 = False
INP1 = False, INP2 = False
INP1 = False, INP2 = False
INP1 = False, INP2 = False
INP1 = False, INP2 = False
INP1 = False, INP2 = False
INP1 = False, INP2 = False
INP1 = False, INP2 = False
INP1 = False, INP2 = False
INP1 = False, INP2 = False
INP1 = False, INP2 = False
INP1 = False, INP2 = False
INP1 = False, INP2 = False
INP1 = False, INP2 = False
INP1 = False, INP2 = False
INP1 = False, INP2 = False
INP1 = False, INP2 = False
INP1 = False, INP2 = False
INP1 = False, INP2 = False
INP1 = False, INP2 = False
INP1 = False, INP2 = False
INP1 = False, INP2 = False
INP1 = False, INP2 = False
INP1 = False, INP2 = False
INP1 = False, INP2 = False
INP1 = False, INP2 = False
INP1 = False, INP2 = False
INP1 = False, INP2 = False
INP1 = False, INP2 = False
INP1 = False, INP2 = False
INP1 = False, INP2 = False
INP1 = False, INP2 = False
INP1 = False, INP2 = False
INP1 = False, INP2 = False
INP1 = False, INP2 = False
INP1 = False, INP2 = False
INP1 = False, INP2 = False
INP1 = False, INP2 = False
INP1 = False, INP2 = False
INP1 = False, INP2 = False
INP1 = False, INP2 = False
INP1 = False, INP2 = False
INP1 = False, INP2 = False
INP1 = False, INP2 = False
INP1 = False, INP2 = False
INP1 = False, INP2 = False
INP1 = False, INP2 = False
INP1 = False, INP2 = False
INP1 = False, INP2 = False
INP1 = False, INP2 = False
INP1 = False, INP2 = False
INP1 = False, INP2 = False
INP1 = False, INP2 = False
INP1 = False, INP2 = False
INP1 = False, INP2 = False
INP1 = False, INP2 = False
INP1 = False, INP2 = False
INP1 = False, INP2 = False
INP1 = False, INP2 = False
INP1 = False, INP2 = False
INP1 = False, INP2 = False
INP1 = False, INP2 = False
INP1 = False, INP2 = False
INP1 = False, INP2 = False
INP1 = False, INP2 = False
INP1 = False, INP2 = False
INP1 = False, INP2 = False
INP1 = False, INP2 = False
INP1 = False, INP2 = False
INP1 = False, INP2 = False
INP1 = False, INP2 = False
INP1 = False, INP2 = False
INP1 = False, INP2 = False
INP1 = False, INP2 = False
INP1 = False, INP2 = False
INP1 = False, INP2 = False
INP1 = False, INP2 = False
INP1 = False, INP2 = False
INP1 = False, INP2 = False
INP1 = False, INP2 = False
INP1 = False, INP2 = False
INP1 = False, INP2 = False
INP1 = True, INP2 = True
INP1 = False, INP2 = False
INP1 = True, INP2 = False
INP1 = False, INP2 = False
INP1 = False, INP2 = False
INP1 = False, INP2 = False
INP1 = False, INP2 = False
INP1 = False, INP2 = False
INP1 = False, INP2 = False
INP1 = False, INP2 = False
INP1 = False, INP2 = False
INP1 = False, INP2 = False
INP1 = False, INP2 = False
INP1 = False, INP2 = False
INP1 = False, INP2 = False
INP1 = False, INP2 = False
INP1 = False, INP2 = False
INP1 = False, INP2 = False
INP1 = False, INP2 = False
INP1 = False, INP2 = False
INP1 = False, INP2 = False
INP1 = False, INP2 = False
INP1 = False, INP2 = False
INP1 = False, INP2 = False
INP1 = False, INP2 = False
INP1 = False, INP2 = False
INP1 = False, INP2 = False
INP1 = False, INP2 = False
INP1 = False, INP2 = False
INP1 = False, INP2 = False
INP1 = False, INP2 = False
INP1 = False, INP2 = False
INP1 = False, INP2 = False
INP1 = False, INP2 = False
INP1 = False, INP2 = False
INP1 = False, INP2 = False
INP1 = True, INP2 = True
INP1 = False, INP2 = False
INP1 = False, INP2 = False
INP1 = False, INP2 = False
INP1 = False, INP2 = False
INP1 = False, INP2 = False
INP1 = True, INP2 = True
INP1 = False, INP2 = False
INP1 = False, INP2 = False
INP1 = True, INP2 = True
INP1 = True, INP2 = True
INP1 = True, INP2 = True
INP1 = False, INP2 = False
INP1 = False, INP2 = False
INP1 = True, INP2 = True
INP1 = False, INP2 = False
INP1 = False, INP2 = False
INP1 = True, INP2 = True
INP1 = True, INP2 = True
INP1 = True, INP2 = True
INP1 = False, INP2 = False
INP1 = False, INP2 = False
INP1 = False, INP2 = False
INP1 = True, INP2 = True
INP1 = False, INP2 = False
INP1 = True, INP2 = True
INP1 = False, INP2 = False
INP1 = True, INP2 = True
INP1 = False, INP2 = False
INP1 = False, INP2 = False
INP1 = False, INP2 = False
INP1 = False, INP2 = False
INP1 = True, INP2 = True
INP1 = True, INP2 = True
INP1 = True, INP2 = True
INP1 = False, INP2 = False
INP1 = False, INP2 = False
INP1 = True, INP2 = True
INP1 = False, INP2 = False
INP1 = False, INP2 = False
INP1 = True, INP2 = False
INP1 = True, INP2 = True
INP1 = False, INP2 = False
INP1 = True, INP2 = True
INP1 = False, INP2 = False
INP1 = False, INP2 = False
INP1 = False, INP2 = False
INP1 = False, INP2 = False
INP1 = True, INP2 = True
INP1 = False, INP2 = False
INP1 = False, INP2 = False
INP1 = True, INP2 = True
INP1 = True, INP2 = True
INP1 = False, INP2 = False
INP1 = False, INP2 = False
INP1 = False, INP2 = False
INP1 = False, INP2 = False
INP1 = False, INP2 = False
INP1 = False, INP2 = False
INP1 = False, INP2 = False
INP1 = False, INP2 = False
INP1 = False, INP2 = False
INP1 = False, INP2 = False
INP1 = False, INP2 = False
INP1 = False, INP2 = False
INP1 = False, INP2 = False
INP1 = True, INP2 = True
INP1 = False, INP2 = False
INP1 = False, INP2 = False
INP1 = False, INP2 = False
INP1 = False, INP2 = False
INP1 = True, INP2 = True
INP1 = True, INP2 = True
INP1 = False, INP2 = False
INP1 = False, INP2 = False
INP1 = False, INP2 = False
INP1 = False, INP2 = False
INP1 = True, INP2 = True
INP1 = False, INP2 = False
INP1 = False, INP2 = False
INP1 = False, INP2 = False
INP1 = True, INP2 = False
INP1 = False, INP2 = False
INP1 = True, INP2 = False
INP1 = True, INP2 = True
INP1 = False, INP2 = False
INP1 = False, INP2 = False
INP1 = False, INP2 = False
INP1 = False, INP2 = False
INP1 = False, INP2 = False
INP1 = True, INP2 = True
INP1 = False, INP2 = False
INP1 = False, INP2 = False
INP1 = False, INP2 = False
INP1 = False, INP2 = False
INP1 = False, INP2 = False
INP1 = False, INP2 = False
INP1 = False, INP2 = False
INP1 = False, INP2 = False
INP1 = False, INP2 = False
INP1 = False, INP2 = False
INP1 = False, INP2 = False
INP1 = False, INP2 = False
INP1 = False, INP2 = False
INP1 = False, INP2 = False
INP1 = False, INP2 = False
INP1 = False, INP2 = False
INP1 = False, INP2 = False
INP1 = False, INP2 = False
INP1 = False, INP2 = False
INP1 = False, INP2 = False
INP1 = False, INP2 = False
INP1 = False, INP2 = False
INP1 = False, INP2 = False
INP1 = False, INP2 = False
INP1 = False, INP2 = False
INP1 = False, INP2 = False
INP1 = False, INP2 = False
INP1 = False, INP2 = False
INP1 = False, INP2 = False
INP1 = False, INP2 = False
INP1 = False, INP2 = False
INP1 = False, INP2 = False
INP1 = False, INP2 = False
INP1 = False, INP2 = False
INP1 = False, INP2 = False
INP1 = False, INP2 = False
INP1 = False, INP2 = False
INP1 = False, INP2 = False
INP1 = False, INP2 = False
INP1 = False, INP2 = False
INP1 = False, INP2 = False
INP1 = False, INP2 = False
INP1 = False, INP2 = False
INP1 = False, INP2 = False
INP1 = False, INP2 = False
INP1 = False, INP2 = False
INP1 = False, INP2 = False
INP1 = False, INP2 = False
INP1 = False, INP2 = False
INP1 = False, INP2 = False
INP1 = False, INP2 = False
INP1 = False, INP2 = False
INP1 = False, INP2 = False
INP1 = False, INP2 = False
INP1 = False, INP2 = False
INP1 = False, INP2 = False
INP1 = False, INP2 = False
INP1 = False, INP2 = False
INP1 = False, INP2 = False
INP1 = False, INP2 = False
INP1 = False, INP2 = False
INP1 = False, INP2 = False
INP1 = False, INP2 = False
INP1 = False, INP2 = False
INP1 = False, INP2 = False
INP1 = False, INP2 = False
INP1 = False, INP2 = False
INP1 = False, INP2 = False
INP1 = False, INP2 = False
INP1 = False, INP2 = False
INP1 = True, INP2 = True
INP1 = False, INP2 = False
INP1 = False, INP2 = False
INP1 = True, INP2 = True
INP1 = False, INP2 = False
INP1 = False, INP2 = False
INP1 = False, INP2 = False
INP1 = False, INP2 = False
INP1 = False, INP2 = False
INP1 = False, INP2 = False
INP1 = True, INP2 = True
INP1 = False, INP2 = False
INP1 = False, INP2 = False
INP1 = False, INP2 = False
INP1 = False, INP2 = False
INP1 = False, INP2 = False
INP1 = False, INP2 = False
INP1 = False, INP2 = False
INP1 = False, INP2 = False
INP1 = False, INP2 = False
INP1 = False, INP2 = False
INP1 = False, INP2 = False
INP1 = False, INP2 = False
INP1 = False, INP2 = False
INP1 = False, INP2 = False
INP1 = False, INP2 = False
INP1 = False, INP2 = False
INP1 = False, INP2 = False
INP1 = False, INP2 = False
INP1 = False, INP2 = False
INP1 = False, INP2 = False
INP1 = False, INP2 = False
INP1 = False, INP2 = False
INP1 = False, INP2 = False
INP1 = False, INP2 = False
INP1 = False, INP2 = False
INP1 = False, INP2 = False
INP1 = False, INP2 = False
INP1 = False, INP2 = False
INP1 = False, INP2 = False
INP1 = False, INP2 = False
INP1 = False, INP2 = False
INP1 = False, INP2 = False
INP1 = False, INP2 = False
INP1 = False, INP2 = False
INP1 = False, INP2 = False
INP1 = False, INP2 = False
INP1 = False, INP2 = False
INP1 = False, INP2 = False
INP1 = False, INP2 = False
INP1 = False, INP2 = False
INP1 = False, INP2 = False
INP1 = False, INP2 = False
INP1 = False, INP2 = False
INP1 = False, INP2 = False
INP1 = False, INP2 = False
INP1 = False, INP2 = False
INP1 = False, INP2 = False
INP1 = False, INP2 = False
INP1 = False, INP2 = False
INP1 = False, INP2 = False
INP1 = False, INP2 = False
INP1 = False, INP2 = False
INP1 = False, INP2 = False
INP1 = False, INP2 = False
INP1 = False, INP2 = False
INP1 = False, INP2 = False
INP1 = False, INP2 = False
INP1 = False, INP2 = False
INP1 = False, INP2 = False
INP1 = False, INP2 = False
INP1 = False, INP2 = False
INP1 = False, INP2 = False
INP1 = False, INP2 = False
INP1 = False, INP2 = False
INP1 = False, INP2 = False
INP1 = False, INP2 = False
INP1 = False, INP2 = False
INP1 = False, INP2 = False
INP1 = False, INP2 = False
INP1 = False, INP2 = False
INP1 = False, INP2 = False
INP1 = False, INP2 = False
INP1 = False, INP2 = False
INP1 = False, INP2 = False
INP1 = False, INP2 = False
INP1 = False, INP2 = False
INP1 = False, INP2 = False
INP1 = False, INP2 = False
INP1 = False, INP2 = False
INP1 = False, INP2 = False
INP1 = False, INP2 = False
INP1 = False, INP2 = False
INP1 = False, INP2 = False
INP1 = False, INP2 = False
INP1 = False, INP2 = False
INP1 = False, INP2 = False
INP1 = False, INP2 = False
INP1 = False, INP2 = False
INP1 = False, INP2 = False
INP1 = True, INP2 = True
INP1 = False, INP2 = False
INP1 = True, INP2 = True
INP1 = False, INP2 = False
INP1 = False, INP2 = False
INP1 = False, INP2 = False
INP1 = False, INP2 = False
INP1 = False, INP2 = False
INP1 = False, INP2 = False
INP1 = False, INP2 = False
INP1 = False, INP2 = False
INP1 = False, INP2 = False
INP1 = False, INP2 = False
INP1 = False, INP2 = False
INP1 = False, INP2 = False
INP1 = False, INP2 = False
INP1 = False, INP2 = False
INP1 = False, INP2 = False
INP1 = False, INP2 = False
INP1 = False, INP2 = False
INP1 = False, INP2 = False
INP1 = False, INP2 = False
INP1 = False, INP2 = False
INP1 = False, INP2 = False
INP1 = False, INP2 = False
INP1 = False, INP2 = False
INP1 = False, INP2 = False
INP1 = False, INP2 = False
INP1 = False, INP2 = False
INP1 = False, INP2 = False
INP1 = False, INP2 = False
INP1 = False, INP2 = False
INP1 = False, INP2 = False
INP1 = False, INP2 = False
INP1 = False, INP2 = False
INP1 = False, INP2 = False
INP1 = False, INP2 = False
INP1 = False, INP2 = False
INP1 = False, INP2 = False
INP1 = False, INP2 = False
INP1 = False, INP2 = False
INP1 = False, INP2 = False
INP1 = False, INP2 = False
INP1 = False, INP2 = False
INP1 = False, INP2 = False
INP1 = False, INP2 = False
INP1 = False, INP2 = False
INP1 = False, INP2 = False
INP1 = False, INP2 = False
INP1 = False, INP2 = False
INP1 = False, INP2 = False
INP1 = False, INP2 = False
INP1 = False, INP2 = False
INP1 = False, INP2 = False
INP1 = False, INP2 = False
INP1 = False, INP2 = False
INP1 = False, INP2 = False
INP1 = False, INP2 = False
INP1 = False, INP2 = False
INP1 = False, INP2 = False
INP1 = False, INP2 = False
INP1 = False, INP2 = False
INP1 = False, INP2 = False
INP1 = False, INP2 = False
INP1 = False, INP2 = False
INP1 = False, INP2 = False
INP1 = False, INP2 = False
INP1 = False, INP2 = False
INP1 = False, INP2 = False
INP1 = False, INP2 = False
INP1 = False, INP2 = False
INP1 = False, INP2 = False
INP1 = False, INP2 = False
INP1 = False, INP2 = False
INP1 = False, INP2 = False
INP1 = False, INP2 = False
INP1 = False, INP2 = False
INP1 = False, INP2 = False
INP1 = False, INP2 = False
INP1 = False, INP2 = False
INP1 = False, INP2 = False
INP1 = False, INP2 = False
INP1 = False, INP2 = False
INP1 = False, INP2 = False
INP1 = False, INP2 = False
INP1 = False, INP2 = False
INP1 = False, INP2 = False
INP1 = False, INP2 = False
INP1 = False, INP2 = False
INP1 = False, INP2 = False
INP1 = False, INP2 = False
INP1 = False, INP2 = False
INP1 = False, INP2 = False
INP1 = False, INP2 = False
INP1 = False, INP2 = False
INP1 = False, INP2 = False
INP1 = False, INP2 = False
INP1 = False, INP2 = False
INP1 = False, INP2 = False
INP1 = False, INP2 = False
INP1 = False, INP2 = False
INP1 = False, INP2 = False
INP1 = True, INP2 = True
INP1 = False, INP2 = False
INP1 = False, INP2 = False
INP1 = False, INP2 = False
INP1 = False, INP2 = False
INP1 = False, INP2 = False
INP1 = False, INP2 = False
INP1 = False, INP2 = False
INP1 = False, INP2 = False
INP1 = False, INP2 = False
INP1 = False, INP2 = False
INP1 = False, INP2 = False
INP1 = False, INP2 = False
INP1 = False, INP2 = False
INP1 = False, INP2 = False
INP1 = False, INP2 = False
INP1 = False, INP2 = False
INP1 = False, INP2 = False
INP1 = False, INP2 = False
INP1 = False, INP2 = False
INP1 = False, INP2 = False
INP1 = False, INP2 = False
INP1 = False, INP2 = False
INP1 = False, INP2 = False
INP1 = False, INP2 = False
INP1 = False, INP2 = False
INP1 = False, INP2 = False
INP1 = False, INP2 = False
INP1 = False, INP2 = False
INP1 = False, INP2 = False
INP1 = False, INP2 = False
INP1 = False, INP2 = False
INP1 = False, INP2 = False
INP1 = False, INP2 = False
INP1 = False, INP2 = False
INP1 = False, INP2 = False
INP1 = False, INP2 = False
INP1 = False, INP2 = False
INP1 = False, INP2 = False
INP1 = False, INP2 = False
INP1 = False, INP2 = False
INP1 = False, INP2 = False
INP1 = False, INP2 = False
INP1 = False, INP2 = False
INP1 = False, INP2 = False
INP1 = False, INP2 = False
INP1 = False, INP2 = False
INP1 = False, INP2 = False
INP1 = False, INP2 = False
INP1 = False, INP2 = False
INP1 = False, INP2 = False
INP1 = False, INP2 = False
INP1 = False, INP2 = False
INP1 = False, INP2 = False
INP1 = False, INP2 = False
INP1 = False, INP2 = False
INP1 = False, INP2 = False
INP1 = False, INP2 = False
INP1 = False, INP2 = False
INP1 = False, INP2 = False
INP1 = False, INP2 = False
INP1 = False, INP2 = False
INP1 = False, INP2 = False
INP1 = False, INP2 = False
INP1 = False, INP2 = False
INP1 = False, INP2 = False
INP1 = False, INP2 = False
INP1 = False, INP2 = False
INP1 = False, INP2 = False
INP1 = False, INP2 = False
INP1 = False, INP2 = False
INP1 = False, INP2 = False
INP1 = False, INP2 = False
INP1 = False, INP2 = False
INP1 = False, INP2 = False
INP1 = False, INP2 = False
INP1 = False, INP2 = False
INP1 = False, INP2 = False
INP1 = False, INP2 = False
INP1 = False, INP2 = False
INP1 = False, INP2 = False
INP1 = False, INP2 = False
INP1 = False, INP2 = False
INP1 = False, INP2 = False
INP1 = False, INP2 = False
INP1 = False, INP2 = False
INP1 = False, INP2 = False
INP1 = False, INP2 = False
INP1 = False, INP2 = False
INP1 = False, INP2 = False
INP1 = False, INP2 = False
INP1 = False, INP2 = False
INP1 = False, INP2 = False
INP1 = False, INP2 = False
INP1 = False, INP2 = False
INP1 = False, INP2 = False
INP1 = False, INP2 = False
INP1 = False, INP2 = False
INP1 = True, INP2 = False
INP1 = True, INP2 = True
INP1 = False, INP2 = False
INP1 = False, INP2 = False
INP1 = False, INP2 = False
INP1 = False, INP2 = False
INP1 = False, INP2 = False
INP1 = False, INP2 = False
INP1 = False, INP2 = False
INP1 = False, INP2 = False
INP1 = False, INP2 = False
INP1 = False, INP2 = False
INP1 = False, INP2 = False
INP1 = False, INP2 = False
INP1 = False, INP2 = False
INP1 = False, INP2 = False
INP1 = False, INP2 = False
INP1 = False, INP2 = False
INP1 = False, INP2 = False
INP1 = False, INP2 = False
INP1 = False, INP2 = False
INP1 = False, INP2 = False
INP1 = False, INP2 = False
INP1 = False, INP2 = False
INP1 = False, INP2 = False
INP1 = False, INP2 = False
INP1 = False, INP2 = False
INP1 = False, INP2 = False
INP1 = False, INP2 = False
INP1 = False, INP2 = False
INP1 = False, INP2 = False
INP1 = False, INP2 = False
INP1 = False, INP2 = False
INP1 = False, INP2 = False
INP1 = False, INP2 = False
INP1 = False, INP2 = False
INP1 = False, INP2 = False
INP1 = False, INP2 = False
INP1 = False, INP2 = False
INP1 = False, INP2 = False
INP1 = False, INP2 = False
INP1 = False, INP2 = False
INP1 = False, INP2 = False
INP1 = False, INP2 = False
INP1 = False, INP2 = False
INP1 = False, INP2 = False
INP1 = False, INP2 = False
INP1 = False, INP2 = False
INP1 = False, INP2 = False
INP1 = False, INP2 = False
INP1 = False, INP2 = False
INP1 = False, INP2 = False
INP1 = False, INP2 = False
INP1 = False, INP2 = False
INP1 = False, INP2 = False
INP1 = False, INP2 = False
INP1 = False, INP2 = False
INP1 = False, INP2 = False
INP1 = False, INP2 = False
INP1 = False, INP2 = False
INP1 = False, INP2 = False
INP1 = False, INP2 = False
INP1 = False, INP2 = False
INP1 = False, INP2 = False
INP1 = False, INP2 = False
INP1 = False, INP2 = False
INP1 = False, INP2 = False
INP1 = False, INP2 = False
INP1 = False, INP2 = False
INP1 = False, INP2 = False
INP1 = False, INP2 = False
INP1 = False, INP2 = False
INP1 = False, INP2 = False
INP1 = False, INP2 = False
INP1 = False, INP2 = False
INP1 = False, INP2 = False
INP1 = False, INP2 = False
INP1 = False, INP2 = False
INP1 = False, INP2 = False
INP1 = False, INP2 = False
INP1 = False, INP2 = False
INP1 = False, INP2 = False
INP1 = False, INP2 = False
INP1 = False, INP2 = False
INP1 = False, INP2 = False
INP1 = False, INP2 = False
INP1 = False, INP2 = False
INP1 = False, INP2 = False
INP1 = False, INP2 = False
INP1 = False, INP2 = False
INP1 = False, INP2 = False
INP1 = False, INP2 = False
INP1 = False, INP2 = False
INP1 = False, INP2 = False
INP1 = False, INP2 = False
INP1 = False, INP2 = False
INP1 = False, INP2 = False
INP1 = False, INP2 = False
INP1 = False, INP2 = False
INP1 = True, INP2 = True
INP1 = False, INP2 = False
INP1 = False, INP2 = False
INP1 = False, INP2 = False
INP1 = False, INP2 = False
INP1 = False, INP2 = False
INP1 = False, INP2 = False
INP1 = False, INP2 = False
INP1 = False, INP2 = False
INP1 = False, INP2 = False
INP1 = False, INP2 = False
INP1 = False, INP2 = False
INP1 = False, INP2 = False
INP1 = False, INP2 = False
INP1 = False, INP2 = False
INP1 = False, INP2 = False
INP1 = False, INP2 = False
INP1 = False, INP2 = False
INP1 = False, INP2 = False
INP1 = False, INP2 = False
INP1 = False, INP2 = False
INP1 = False, INP2 = False
INP1 = False, INP2 = False
INP1 = False, INP2 = False
INP1 = False, INP2 = False
INP1 = False, INP2 = False
INP1 = False, INP2 = False
INP1 = False, INP2 = False
INP1 = False, INP2 = False
INP1 = False, INP2 = False
INP1 = False, INP2 = False
INP1 = False, INP2 = False
INP1 = False, INP2 = False
INP1 = False, INP2 = False
INP1 = False, INP2 = False
INP1 = False, INP2 = False
INP1 = False, INP2 = False
INP1 = False, INP2 = False
INP1 = False, INP2 = False
INP1 = False, INP2 = False
INP1 = False, INP2 = False
INP1 = False, INP2 = False
INP1 = False, INP2 = False
INP1 = False, INP2 = False
INP1 = False, INP2 = False
INP1 = False, INP2 = False
INP1 = False, INP2 = False
INP1 = False, INP2 = False
INP1 = False, INP2 = False
INP1 = False, INP2 = False
INP1 = False, INP2 = False
INP1 = False, INP2 = False
INP1 = False, INP2 = False
INP1 = False, INP2 = False
INP1 = False, INP2 = False
INP1 = False, INP2 = False
INP1 = False, INP2 = False
INP1 = False, INP2 = False
INP1 = False, INP2 = False
INP1 = False, INP2 = False
INP1 = False, INP2 = False
INP1 = False, INP2 = False
INP1 = False, INP2 = False
INP1 = False, INP2 = False
INP1 = False, INP2 = False
INP1 = False, INP2 = False
INP1 = False, INP2 = False
INP1 = False, INP2 = False
INP1 = False, INP2 = False
INP1 = False, INP2 = False
INP1 = False, INP2 = False
INP1 = False, INP2 = False
INP1 = False, INP2 = False
INP1 = False, INP2 = False
INP1 = False, INP2 = False
INP1 = False, INP2 = False
INP1 = False, INP2 = False
INP1 = False, INP2 = False
INP1 = False, INP2 = False
INP1 = False, INP2 = False
INP1 = False, INP2 = False
INP1 = False, INP2 = False
INP1 = False, INP2 = False
INP1 = False, INP2 = False
INP1 = False, INP2 = False
INP1 = False, INP2 = False
INP1 = False, INP2 = False
INP1 = False, INP2 = False
INP1 = False, INP2 = False
INP1 = False, INP2 = False
INP1 = False, INP2 = False
INP1 = False, INP2 = False
INP1 = False, INP2 = False
INP1 = False, INP2 = False
INP1 = False, INP2 = False
INP1 = False, INP2 = False
INP1 = False, INP2 = False
INP1 = False, INP2 = False
INP1 = False, INP2 = False
INP1 = False, INP2 = False
INP1 = True, INP2 = True
INP1 = False, INP2 = False
INP1 = True, INP2 = True
INP1 = False, INP2 = False
INP1 = False, INP2 = False
INP1 = False, INP2 = False
INP1 = False, INP2 = False
INP1 = False, INP2 = False
INP1 = False, INP2 = False
INP1 = False, INP2 = False
INP1 = False, INP2 = False
INP1 = False, INP2 = False
INP1 = False, INP2 = False
INP1 = False, INP2 = False
INP1 = False, INP2 = False
INP1 = False, INP2 = False
INP1 = False, INP2 = False
INP1 = False, INP2 = False
INP1 = False, INP2 = False
INP1 = False, INP2 = False
INP1 = False, INP2 = False
INP1 = False, INP2 = False
INP1 = False, INP2 = False
INP1 = False, INP2 = False
INP1 = False, INP2 = False
INP1 = False, INP2 = False
INP1 = False, INP2 = False
INP1 = False, INP2 = False
INP1 = False, INP2 = False
INP1 = False, INP2 = False
INP1 = False, INP2 = False
INP1 = False, INP2 = False
INP1 = False, INP2 = False
INP1 = False, INP2 = False
INP1 = False, INP2 = False
INP1 = False, INP2 = False
INP1 = False, INP2 = False
INP1 = False, INP2 = False
INP1 = False, INP2 = False
INP1 = False, INP2 = False
INP1 = False, INP2 = False
INP1 = False, INP2 = False
INP1 = False, INP2 = False
INP1 = False, INP2 = False
INP1 = False, INP2 = False
INP1 = False, INP2 = False
INP1 = False, INP2 = False
INP1 = False, INP2 = False
INP1 = False, INP2 = False
INP1 = False, INP2 = False
INP1 = False, INP2 = False
INP1 = False, INP2 = False
INP1 = False, INP2 = False
INP1 = False, INP2 = False
INP1 = False, INP2 = False
INP1 = False, INP2 = False
INP1 = False, INP2 = False
INP1 = False, INP2 = False
INP1 = False, INP2 = False
INP1 = False, INP2 = False
INP1 = False, INP2 = False
INP1 = False, INP2 = False
INP1 = False, INP2 = False
INP1 = False, INP2 = False
INP1 = False, INP2 = False
INP1 = False, INP2 = False
INP1 = False, INP2 = False
INP1 = False, INP2 = False
INP1 = False, INP2 = False
INP1 = False, INP2 = False
INP1 = False, INP2 = False
INP1 = False, INP2 = False
INP1 = False, INP2 = False
INP1 = False, INP2 = False
INP1 = False, INP2 = False
INP1 = False, INP2 = False
INP1 = False, INP2 = False
INP1 = False, INP2 = False
INP1 = False, INP2 = False
INP1 = False, INP2 = False
INP1 = False, INP2 = False
INP1 = False, INP2 = False
INP1 = False, INP2 = False
INP1 = False, INP2 = False
INP1 = False, INP2 = False
INP1 = False, INP2 = False
INP1 = False, INP2 = False
INP1 = False, INP2 = False
INP1 = False, INP2 = False
INP1 = False, INP2 = False
INP1 = False, INP2 = False
INP1 = False, INP2 = False
INP1 = False, INP2 = False
INP1 = False, INP2 = False
INP1 = False, INP2 = False
INP1 = False, INP2 = False
INP1 = False, INP2 = False
INP1 = False, INP2 = False
INP1 = False, INP2 = False
INP1 = False, INP2 = False
INP1 = False, INP2 = False
INP1 = False, INP2 = False
INP1 = False, INP2 = False
INP1 = False, INP2 = False
INP1 = False, INP2 = False
INP1 = False, INP2 = False
INP1 = False, INP2 = False
INP1 = False, INP2 = False
INP1 = True, INP2 = True
INP1 = False, INP2 = False
INP1 = True, INP2 = True
INP1 = False, INP2 = False
INP1 = False, INP2 = False
INP1 = False, INP2 = False
INP1 = False, INP2 = False
INP1 = False, INP2 = False
INP1 = False, INP2 = False
INP1 = False, INP2 = False
INP1 = False, INP2 = False
INP1 = False, INP2 = False
INP1 = False, INP2 = False
INP1 = False, INP2 = False
INP1 = False, INP2 = False
INP1 = False, INP2 = False
INP1 = False, INP2 = False
INP1 = False, INP2 = False
INP1 = False, INP2 = False
INP1 = False, INP2 = False
INP1 = False, INP2 = False
INP1 = False, INP2 = False
INP1 = False, INP2 = False
INP1 = False, INP2 = False
INP1 = False, INP2 = False
INP1 = False, INP2 = False
INP1 = False, INP2 = False
INP1 = False, INP2 = False
INP1 = False, INP2 = False
INP1 = False, INP2 = False
INP1 = False, INP2 = False
INP1 = False, INP2 = False
INP1 = False, INP2 = False
INP1 = False, INP2 = False
INP1 = False, INP2 = False
INP1 = False, INP2 = False
INP1 = False, INP2 = False
INP1 = False, INP2 = False
INP1 = False, INP2 = False
INP1 = False, INP2 = False
INP1 = False, INP2 = False
INP1 = False, INP2 = False
INP1 = False, INP2 = False
INP1 = False, INP2 = False
INP1 = False, INP2 = False
INP1 = False, INP2 = False
INP1 = False, INP2 = False
INP1 = False, INP2 = False
INP1 = False, INP2 = False
INP1 = False, INP2 = False
INP1 = False, INP2 = False
INP1 = False, INP2 = False
INP1 = False, INP2 = False
INP1 = False, INP2 = False
INP1 = False, INP2 = False
INP1 = False, INP2 = False
INP1 = False, INP2 = False
INP1 = False, INP2 = False
INP1 = False, INP2 = False
INP1 = False, INP2 = False
INP1 = False, INP2 = False
INP1 = False, INP2 = False
INP1 = False, INP2 = False
INP1 = False, INP2 = False
INP1 = False, INP2 = False
INP1 = False, INP2 = False
INP1 = False, INP2 = False
INP1 = False, INP2 = False
INP1 = False, INP2 = False
INP1 = False, INP2 = False
INP1 = False, INP2 = False
INP1 = False, INP2 = False
INP1 = False, INP2 = False
INP1 = False, INP2 = False
INP1 = False, INP2 = False
INP1 = False, INP2 = False
INP1 = False, INP2 = False
INP1 = False, INP2 = False
INP1 = False, INP2 = False
INP1 = False, INP2 = False
INP1 = False, INP2 = False
INP1 = False, INP2 = False
INP1 = False, INP2 = False
INP1 = False, INP2 = False
INP1 = False, INP2 = False
INP1 = False, INP2 = False
INP1 = False, INP2 = False
INP1 = False, INP2 = False
INP1 = False, INP2 = False
INP1 = False, INP2 = False
INP1 = True, INP2 = True
INP1 = False, INP2 = False
INP1 = False, INP2 = False
INP1 = False, INP2 = False
INP1 = False, INP2 = False
INP1 = False, INP2 = False
INP1 = False, INP2 = False
INP1 = False, INP2 = False
INP1 = False, INP2 = False
INP1 = False, INP2 = False
INP1 = False, INP2 = False
INP1 = False, INP2 = False
INP1 = False, INP2 = False
INP1 = False, INP2 = False
INP1 = False, INP2 = False
INP1 = False, INP2 = False
INP1 = False, INP2 = False
INP1 = False, INP2 = False
INP1 = False, INP2 = False
INP1 = False, INP2 = False
INP1 = False, INP2 = False
INP1 = False, INP2 = False
INP1 = False, INP2 = False
INP1 = False, INP2 = False
INP1 = False, INP2 = False
INP1 = False, INP2 = False
INP1 = False, INP2 = False
INP1 = False, INP2 = False
INP1 = False, INP2 = False
INP1 = False, INP2 = False
INP1 = False, INP2 = False
INP1 = False, INP2 = False
INP1 = False, INP2 = False
INP1 = False, INP2 = False
INP1 = False, INP2 = False
INP1 = False, INP2 = False
INP1 = False, INP2 = False
INP1 = False, INP2 = False
INP1 = False, INP2 = False
INP1 = False, INP2 = False
INP1 = False, INP2 = False
INP1 = False, INP2 = False
INP1 = False, INP2 = False
INP1 = False, INP2 = False
INP1 = False, INP2 = False
INP1 = False, INP2 = False
INP1 = False, INP2 = False
INP1 = True, INP2 = True
INP1 = False, INP2 = False
INP1 = False, INP2 = False
INP1 = False, INP2 = False
INP1 = False, INP2 = False
INP1 = False, INP2 = False
INP1 = False, INP2 = False
INP1 = False, INP2 = False
INP1 = False, INP2 = False
INP1 = False, INP2 = False
INP1 = True, INP2 = True
INP1 = False, INP2 = False
INP1 = False, INP2 = False
INP1 = False, INP2 = False
INP1 = False, INP2 = False
INP1 = False, INP2 = False
INP1 = False, INP2 = False
INP1 = True, INP2 = True
INP1 = False, INP2 = False
INP1 = True, INP2 = True
INP1 = False, INP2 = False
INP1 = False, INP2 = False
INP1 = False, INP2 = False
INP1 = True, INP2 = True
INP1 = False, INP2 = False
INP1 = True, INP2 = True
INP1 = False, INP2 = False
INP1 = False, INP2 = False
INP1 = False, INP2 = False
INP1 = False, INP2 = False
INP1 = False, INP2 = False
INP1 = False, INP2 = False
INP1 = False, INP2 = False
INP1 = False, INP2 = False
INP1 = False, INP2 = False
INP1 = False, INP2 = False
INP1 = False, INP2 = False
INP1 = True, INP2 = True
INP1 = False, INP2 = False
INP1 = False, INP2 = False
INP1 = False, INP2 = False
INP1 = True, INP2 = True
INP1 = True, INP2 = True
INP1 = True, INP2 = True
INP1 = True, INP2 = True
INP1 = False, INP2 = False
INP1 = True, INP2 = True
INP1 = False, INP2 = False
INP1 = False, INP2 = False
INP1 = False, INP2 = False
INP1 = False, INP2 = False
INP1 = False, INP2 = False
INP1 = False, INP2 = False
INP1 = False, INP2 = False
INP1 = False, INP2 = False
INP1 = False, INP2 = False
INP1 = False, INP2 = False
INP1 = True, INP2 = True
INP1 = False, INP2 = False
INP1 = False, INP2 = False
INP1 = False, INP2 = False
INP1 = False, INP2 = False
INP1 = True, INP2 = True
INP1 = True, INP2 = True
INP1 = True, INP2 = True
INP1 = True, INP2 = True
INP1 = False, INP2 = False
INP1 = False, INP2 = False
INP1 = False, INP2 = False
INP1 = False, INP2 = False
INP1 = False, INP2 = False
INP1 = True, INP2 = True
INP1 = True, INP2 = True
INP1 = True, INP2 = True
INP1 = False, INP2 = False
INP1 = False, INP2 = False
INP1 = False, INP2 = False
INP1 = False, INP2 = False
INP1 = False, INP2 = False
INP1 = False, INP2 = False
INP1 = False, INP2 = False
INP1 = False, INP2 = False
INP1 = False, INP2 = False
INP1 = False, INP2 = False
INP1 = False, INP2 = False
INP1 = False, INP2 = False
INP1 = False, INP2 = False
INP1 = False, INP2 = False
INP1 = False, INP2 = False
INP1 = False, INP2 = False
INP1 = False, INP2 = False
INP1 = False, INP2 = False
INP1 = False, INP2 = False
INP1 = False, INP2 = False
INP1 = False, INP2 = False
INP1 = False, INP2 = False
INP1 = False, INP2 = False
INP1 = False, INP2 = False
INP1 = False, INP2 = False
INP1 = False, INP2 = False
INP1 = False, INP2 = False
INP1 = False, INP2 = False
INP1 = False, INP2 = False
INP1 = False, INP2 = False
INP1 = False, INP2 = False
INP1 = False, INP2 = False
INP1 = False, INP2 = False
INP1 = False, INP2 = False
INP1 = False, INP2 = False
INP1 = False, INP2 = False
INP1 = False, INP2 = False
INP1 = False, INP2 = False
INP1 = False, INP2 = False
INP1 = False, INP2 = False
INP1 = False, INP2 = False
INP1 = False, INP2 = False
INP1 = False, INP2 = False
INP1 = False, INP2 = False
INP1 = False, INP2 = False
INP1 = False, INP2 = False
INP1 = False, INP2 = False
INP1 = False, INP2 = False
INP1 = False, INP2 = False
INP1 = False, INP2 = False
INP1 = False, INP2 = False
INP1 = False, INP2 = False
INP1 = False, INP2 = False
INP1 = False, INP2 = False
INP1 = False, INP2 = False
INP1 = False, INP2 = False
INP1 = False, INP2 = False
INP1 = False, INP2 = False
INP1 = False, INP2 = False
INP1 = False, INP2 = False
INP1 = False, INP2 = False
INP1 = False, INP2 = False
INP1 = False, INP2 = False
INP1 = False, INP2 = False
INP1 = False, INP2 = False
INP1 = False, INP2 = False
INP1 = False, INP2 = False
INP1 = False, INP2 = False
INP1 = False, INP2 = False
INP1 = False, INP2 = False
INP1 = False, INP2 = False
INP1 = False, INP2 = False
INP1 = False, INP2 = False
INP1 = False, INP2 = False
INP1 = False, INP2 = False
INP1 = False, INP2 = False
INP1 = False, INP2 = False
INP1 = False, INP2 = False
INP1 = True, INP2 = True
INP1 = False, INP2 = False
INP1 = False, INP2 = False
INP1 = False, INP2 = False
INP1 = False, INP2 = False
INP1 = False, INP2 = False
INP1 = False, INP2 = False
INP1 = False, INP2 = False
INP1 = False, INP2 = False
INP1 = False, INP2 = False
INP1 = False, INP2 = False
INP1 = False, INP2 = False
INP1 = False, INP2 = False
INP1 = False, INP2 = False
INP1 = False, INP2 = False
INP1 = False, INP2 = False
INP1 = False, INP2 = False
INP1 = False, INP2 = False
INP1 = False, INP2 = False
INP1 = False, INP2 = False
INP1 = False, INP2 = False
INP1 = False, INP2 = False
INP1 = False, INP2 = False
INP1 = False, INP2 = False
INP1 = False, INP2 = False
INP1 = False, INP2 = False
INP1 = False, INP2 = False
INP1 = False, INP2 = False
INP1 = False, INP2 = False
INP1 = False, INP2 = False
INP1 = False, INP2 = False
INP1 = False, INP2 = False
INP1 = False, INP2 = False
INP1 = False, INP2 = False
INP1 = False, INP2 = False
INP1 = False, INP2 = False
INP1 = False, INP2 = False
INP1 = False, INP2 = False
INP1 = False, INP2 = False
INP1 = False, INP2 = False
INP1 = False, INP2 = False
INP1 = False, INP2 = False
INP1 = False, INP2 = False
INP1 = False, INP2 = False
INP1 = False, INP2 = False
INP1 = False, INP2 = False
INP1 = False, INP2 = False
INP1 = False, INP2 = False
INP1 = False, INP2 = False
INP1 = False, INP2 = False
INP1 = False, INP2 = False
INP1 = False, INP2 = False
INP1 = False, INP2 = False
INP1 = False, INP2 = False
INP1 = False, INP2 = False
INP1 = False, INP2 = False
INP1 = False, INP2 = False
INP1 = False, INP2 = False
INP1 = False, INP2 = False
INP1 = False, INP2 = False
INP1 = False, INP2 = False
INP1 = False, INP2 = False
INP1 = False, INP2 = False
INP1 = False, INP2 = False
INP1 = False, INP2 = False
INP1 = False, INP2 = False
INP1 = False, INP2 = False
INP1 = False, INP2 = False
INP1 = False, INP2 = False
INP1 = False, INP2 = False
INP1 = False, INP2 = False
INP1 = False, INP2 = False
INP1 = False, INP2 = False
INP1 = False, INP2 = False
INP1 = False, INP2 = False
INP1 = False, INP2 = False
INP1 = False, INP2 = False
INP1 = False, INP2 = False
INP1 = False, INP2 = False
INP1 = False, INP2 = False
INP1 = False, INP2 = False
INP1 = False, INP2 = False
INP1 = False, INP2 = False
INP1 = False, INP2 = False
INP1 = False, INP2 = False
INP1 = False, INP2 = False
INP1 = False, INP2 = False
INP1 = False, INP2 = False
INP1 = False, INP2 = False
INP1 = False, INP2 = False
INP1 = False, INP2 = False
INP1 = False, INP2 = False
INP1 = False, INP2 = False
INP1 = False, INP2 = False
INP1 = False, INP2 = False
INP1 = False, INP2 = False
INP1 = False, INP2 = False
INP1 = False, INP2 = False
INP1 = False, INP2 = False
INP1 = True, INP2 = True
INP1 = False, INP2 = False
INP1 = False, INP2 = False
INP1 = False, INP2 = False
INP1 = False, INP2 = False
INP1 = False, INP2 = False
INP1 = True, INP2 = True
INP1 = False, INP2 = False
INP1 = False, INP2 = False
INP1 = False, INP2 = False
INP1 = False, INP2 = False
INP1 = False, INP2 = False
INP1 = False, INP2 = False
INP1 = False, INP2 = False
INP1 = False, INP2 = False
INP1 = False, INP2 = False
INP1 = False, INP2 = False
INP1 = False, INP2 = False
INP1 = False, INP2 = False
INP1 = False, INP2 = False
INP1 = False, INP2 = False
INP1 = False, INP2 = False
INP1 = False, INP2 = False
INP1 = False, INP2 = False
INP1 = False, INP2 = False
INP1 = False, INP2 = False
INP1 = False, INP2 = False
INP1 = False, INP2 = False
INP1 = False, INP2 = False
INP1 = False, INP2 = False
INP1 = False, INP2 = False
INP1 = False, INP2 = False
INP1 = False, INP2 = False
INP1 = False, INP2 = False
INP1 = False, INP2 = False
INP1 = False, INP2 = False
INP1 = False, INP2 = False
INP1 = False, INP2 = False
INP1 = False, INP2 = False
INP1 = False, INP2 = False
INP1 = False, INP2 = False
INP1 = False, INP2 = False
INP1 = False, INP2 = False
INP1 = False, INP2 = False
INP1 = False, INP2 = False
INP1 = False, INP2 = False
INP1 = False, INP2 = False
INP1 = False, INP2 = False
INP1 = False, INP2 = False
INP1 = False, INP2 = False
INP1 = False, INP2 = False
INP1 = False, INP2 = False
INP1 = False, INP2 = False
INP1 = False, INP2 = False
INP1 = False, INP2 = False
INP1 = False, INP2 = False
INP1 = False, INP2 = False
INP1 = False, INP2 = False
INP1 = False, INP2 = False
INP1 = False, INP2 = False
INP1 = False, INP2 = False
INP1 = False, INP2 = False
INP1 = False, INP2 = False
INP1 = False, INP2 = False
INP1 = False, INP2 = False
INP1 = False, INP2 = False
INP1 = False, INP2 = False
INP1 = False, INP2 = False
INP1 = False, INP2 = False
INP1 = False, INP2 = False
INP1 = False, INP2 = False
INP1 = False, INP2 = False
INP1 = False, INP2 = False
INP1 = False, INP2 = False
INP1 = False, INP2 = False
INP1 = False, INP2 = False
INP1 = False, INP2 = False
INP1 = False, INP2 = False
INP1 = False, INP2 = False
INP1 = False, INP2 = False
INP1 = False, INP2 = False
INP1 = False, INP2 = False
INP1 = False, INP2 = False
INP1 = False, INP2 = False
INP1 = False, INP2 = False
INP1 = False, INP2 = False
INP1 = False, INP2 = False
INP1 = False, INP2 = False
INP1 = False, INP2 = False
INP1 = False, INP2 = False
INP1 = False, INP2 = False
INP1 = False, INP2 = False
INP1 = False, INP2 = False
INP1 = False, INP2 = False
INP1 = False, INP2 = False
INP1 = False, INP2 = False
INP1 = False, INP2 = False
INP1 = False, INP2 = False
INP1 = False, INP2 = False
INP1 = True, INP2 = True
INP1 = False, INP2 = False
INP1 = False, INP2 = False
INP1 = False, INP2 = False
INP1 = False, INP2 = False
INP1 = False, INP2 = False
INP1 = False, INP2 = False
INP1 = False, INP2 = False
INP1 = False, INP2 = False
INP1 = False, INP2 = False
INP1 = False, INP2 = False
INP1 = False, INP2 = False
INP1 = False, INP2 = False
INP1 = False, INP2 = False
INP1 = False, INP2 = False
INP1 = False, INP2 = False
INP1 = False, INP2 = False
INP1 = False, INP2 = False
INP1 = False, INP2 = False
INP1 = False, INP2 = False
INP1 = False, INP2 = False
INP1 = False, INP2 = False
INP1 = False, INP2 = False
INP1 = False, INP2 = False
INP1 = False, INP2 = False
INP1 = False, INP2 = False
INP1 = False, INP2 = False
INP1 = False, INP2 = False
INP1 = False, INP2 = False
INP1 = False, INP2 = False
INP1 = False, INP2 = False
INP1 = False, INP2 = False
INP1 = False, INP2 = False
INP1 = False, INP2 = False
INP1 = False, INP2 = False
INP1 = False, INP2 = False
INP1 = False, INP2 = False
INP1 = False, INP2 = False
INP1 = False, INP2 = False
INP1 = False, INP2 = False
INP1 = False, INP2 = False
INP1 = False, INP2 = False
INP1 = False, INP2 = False
INP1 = False, INP2 = False
INP1 = False, INP2 = False
INP1 = False, INP2 = False
INP1 = False, INP2 = False
INP1 = False, INP2 = False
INP1 = False, INP2 = False
INP1 = False, INP2 = False
INP1 = False, INP2 = False
INP1 = False, INP2 = False
INP1 = False, INP2 = False
INP1 = False, INP2 = False
INP1 = False, INP2 = False
INP1 = False, INP2 = False
INP1 = False, INP2 = False
INP1 = False, INP2 = False
INP1 = False, INP2 = False
INP1 = False, INP2 = False
INP1 = False, INP2 = False
INP1 = False, INP2 = False
INP1 = False, INP2 = False
INP1 = False, INP2 = False
INP1 = False, INP2 = False
INP1 = False, INP2 = False
INP1 = False, INP2 = False
INP1 = False, INP2 = False
INP1 = False, INP2 = False
INP1 = False, INP2 = False
INP1 = False, INP2 = False
INP1 = False, INP2 = False
INP1 = False, INP2 = False
INP1 = False, INP2 = False
INP1 = False, INP2 = False
INP1 = False, INP2 = False
INP1 = False, INP2 = False
INP1 = False, INP2 = False
INP1 = False, INP2 = False
INP1 = False, INP2 = False
INP1 = False, INP2 = False
INP1 = False, INP2 = False
INP1 = False, INP2 = False
INP1 = False, INP2 = False
INP1 = False, INP2 = False
INP1 = False, INP2 = False
INP1 = False, INP2 = False
INP1 = False, INP2 = False
INP1 = False, INP2 = False
INP1 = False, INP2 = False
INP1 = False, INP2 = False
INP1 = False, INP2 = False
INP1 = False, INP2 = False
INP1 = False, INP2 = False
INP1 = False, INP2 = False
INP1 = False, INP2 = False
INP1 = False, INP2 = False
INP1 = False, INP2 = False
INP1 = False, INP2 = False
INP1 = False, INP2 = False
INP1 = True, INP2 = True
INP1 = False, INP2 = False
INP1 = False, INP2 = False
INP1 = False, INP2 = False
INP1 = False, INP2 = False
INP1 = False, INP2 = False
INP1 = False, INP2 = False
INP1 = False, INP2 = False
INP1 = False, INP2 = False
INP1 = True, INP2 = True
INP1 = False, INP2 = False
INP1 = False, INP2 = False
INP1 = False, INP2 = False
INP1 = False, INP2 = False
INP1 = False, INP2 = False
INP1 = False, INP2 = False
INP1 = False, INP2 = False
INP1 = False, INP2 = False
INP1 = False, INP2 = False
INP1 = False, INP2 = False
INP1 = False, INP2 = False
INP1 = False, INP2 = False
INP1 = False, INP2 = False
INP1 = False, INP2 = False
INP1 = False, INP2 = False
INP1 = False, INP2 = False
INP1 = False, INP2 = False
INP1 = False, INP2 = False
INP1 = False, INP2 = False
INP1 = False, INP2 = False
INP1 = False, INP2 = False
INP1 = False, INP2 = False
INP1 = False, INP2 = False
INP1 = False, INP2 = False
INP1 = False, INP2 = False
INP1 = False, INP2 = False
INP1 = False, INP2 = False
INP1 = False, INP2 = False
INP1 = False, INP2 = False
INP1 = False, INP2 = False
INP1 = False, INP2 = False
INP1 = False, INP2 = False
INP1 = False, INP2 = False
INP1 = False, INP2 = False
INP1 = False, INP2 = False
INP1 = False, INP2 = False
INP1 = False, INP2 = False
INP1 = False, INP2 = False
INP1 = False, INP2 = False
INP1 = False, INP2 = False
INP1 = False, INP2 = False
INP1 = False, INP2 = False
INP1 = False, INP2 = False
INP1 = False, INP2 = False
INP1 = False, INP2 = False
INP1 = False, INP2 = False
INP1 = False, INP2 = False
INP1 = False, INP2 = False
INP1 = False, INP2 = False
INP1 = False, INP2 = False
INP1 = False, INP2 = False
[...]
INP1 = False, INP2 = False
INP1 = False, INP2 = False
INP1 = False, INP2 = False
INP1 = False, INP2 = False
INP1 = False, INP2 = False
INP1 = False, INP2 = False
INP1 = False, INP2 = False
INP1 = False, INP2 = False
INP1 = False, INP2 = False
INP1 = False, INP2 = False
INP1 = False, INP2 = False
INP1 = False, INP2 = False
INP1 = True, INP2 = True
INP1 = False, INP2 = False
INP1 = False, INP2 = False
INP1 = False, INP2 = False
INP1 = False, INP2 = False
INP1 = False, INP2 = False
INP1 = False, INP2 = False
INP1 = False, INP2 = False
INP1 = False, INP2 = False
INP1 = True, INP2 = True
INP1 = False, INP2 = False
INP1 = False, INP2 = False
INP1 = False, INP2 = False
INP1 = False, INP2 = False
INP1 = False, INP2 = False
INP1 = False, INP2 = False
INP1 = False, INP2 = False
INP1 = False, INP2 = False
INP1 = False, INP2 = False
INP1 = False, INP2 = False
INP1 = False, INP2 = False
INP1 = False, INP2 = False
INP1 = False, INP2 = False
INP1 = False, INP2 = False
INP1 = False, INP2 = False
INP1 = False, INP2 = False
INP1 = False, INP2 = False
INP1 = False, INP2 = False
INP1 = False, INP2 = False
INP1 = False, INP2 = False
INP1 = False, INP2 = False
INP1 = False, INP2 = False
INP1 = False, INP2 = False
INP1 = False, INP2 = False
INP1 = False, INP2 = False
INP1 = False, INP2 = False
INP1 = False, INP2 = False
INP1 = False, INP2 = False
INP1 = False, INP2 = False
INP1 = False, INP2 = False
INP1 = False, INP2 = False
INP1 = False, INP2 = False
INP1 = False, INP2 = False
INP1 = False, INP2 = False
INP1 = False, INP2 = False
INP1 = False, INP2 = False
INP1 = False, INP2 = False
INP1 = False, INP2 = False
INP1 = False, INP2 = False
INP1 = False, INP2 = False
INP1 = False, INP2 = False
INP1 = False, INP2 = False
INP1 = False, INP2 = False
INP1 = False, INP2 = False
INP1 = False, INP2 = False
INP1 = False, INP2 = False
INP1 = False, INP2 = False
INP1 = False, INP2 = False
INP1 = False, INP2 = False
INP1 = False, INP2 = False
INP1 = False, INP2 = False
INP1 = False, INP2 = False
INP1 = False, INP2 = False
INP1 = False, INP2 = False
INP1 = False, INP2 = False
INP1 = False, INP2 = False
INP1 = False, INP2 = False
INP1 = False, INP2 = False
INP1 = False, INP2 = False
INP1 = False, INP2 = False
INP1 = False, INP2 = False
INP1 = False, INP2 = False
INP1 = False, INP2 = False
INP1 = False, INP2 = False
INP1 = False, INP2 = False
INP1 = False, INP2 = False
INP1 = False, INP2 = False
INP1 = False, INP2 = False
INP1 = False, INP2 = False
INP1 = False, INP2 = False
INP1 = False, INP2 = False
INP1 = False, INP2 = False
INP1 = False, INP2 = False
INP1 = False, INP2 = False
INP1 = False, INP2 = False
INP1 = False, INP2 = False
INP1 = False, INP2 = False
INP1 = False, INP2 = False
INP1 = False, INP2 = False
INP1 = False, INP2 = False
INP1 = False, INP2 = False
INP1 = False, INP2 = False
INP1 = False, INP2 = False
INP1 = False, INP2 = False
INP1 = False, INP2 = False
INP1 = False, INP2 = False
INP1 = False, INP2 = False
INP1 = False, INP2 = False
INP1 = False, INP2 = False
INP1 = True, INP2 = True
INP1 = False, INP2 = False
INP1 = False, INP2 = False
INP1 = False, INP2 = False
INP1 = False, INP2 = False
INP1 = False, INP2 = False
INP1 = False, INP2 = False
INP1 = False, INP2 = False
INP1 = False, INP2 = False
INP1 = False, INP2 = False
INP1 = False, INP2 = False
INP1 = False, INP2 = False
INP1 = False, INP2 = False
INP1 = False, INP2 = False
INP1 = False, INP2 = False
INP1 = False, INP2 = False
INP1 = False, INP2 = False
INP1 = False, INP2 = False
INP1 = False, INP2 = False
INP1 = False, INP2 = False
INP1 = False, INP2 = False
INP1 = False, INP2 = False
INP1 = False, INP2 = False
INP1 = False, INP2 = False
INP1 = False, INP2 = False
INP1 = False, INP2 = False
INP1 = False, INP2 = False
INP1 = False, INP2 = False
INP1 = False, INP2 = False
INP1 = False, INP2 = False
INP1 = False, INP2 = False
INP1 = False, INP2 = False
INP1 = False, INP2 = False
INP1 = False, INP2 = False
INP1 = False, INP2 = False
INP1 = False, INP2 = False
INP1 = False, INP2 = False
INP1 = False, INP2 = False
INP1 = False, INP2 = False
INP1 = False, INP2 = False
INP1 = False, INP2 = False
INP1 = False, INP2 = False
INP1 = False, INP2 = False
INP1 = False, INP2 = False
INP1 = False, INP2 = False
INP1 = False, INP2 = False
INP1 = False, INP2 = False
INP1 = False, INP2 = False
INP1 = False, INP2 = False
INP1 = False, INP2 = False
INP1 = False, INP2 = False
INP1 = False, INP2 = False
INP1 = False, INP2 = False
INP1 = False, INP2 = False
INP1 = False, INP2 = False
INP1 = False, INP2 = False
INP1 = False, INP2 = False
INP1 = False, INP2 = False
INP1 = False, INP2 = False
INP1 = False, INP2 = False
INP1 = False, INP2 = False
INP1 = False, INP2 = False
INP1 = False, INP2 = False
INP1 = False, INP2 = False
INP1 = False, INP2 = False
INP1 = False, INP2 = False
INP1 = False, INP2 = False
INP1 = False, INP2 = False
INP1 = False, INP2 = False
INP1 = False, INP2 = False
INP1 = False, INP2 = False
INP1 = False, INP2 = False
INP1 = False, INP2 = False
INP1 = False, INP2 = False
INP1 = False, INP2 = False
INP1 = False, INP2 = False
INP1 = False, INP2 = False
INP1 = False, INP2 = False
INP1 = False, INP2 = False
INP1 = False, INP2 = False
INP1 = False, INP2 = False
INP1 = False, INP2 = False
INP1 = False, INP2 = False
INP1 = False, INP2 = False
INP1 = False, INP2 = False
INP1 = False, INP2 = False
INP1 = False, INP2 = False
INP1 = False, INP2 = False
INP1 = False, INP2 = False
INP1 = False, INP2 = False
INP1 = False, INP2 = False
INP1 = False, INP2 = False
INP1 = False, INP2 = False
INP1 = False, INP2 = False
INP1 = False, INP2 = False
INP1 = False, INP2 = False
INP1 = False, INP2 = False
INP1 = False, INP2 = False
INP1 = False, INP2 = False
INP1 = True, INP2 = True
INP1 = False, INP2 = False
INP1 = False, INP2 = False
INP1 = False, INP2 = False
INP1 = False, INP2 = False
INP1 = False, INP2 = False
INP1 = True, INP2 = True
INP1 = False, INP2 = False
INP1 = False, INP2 = False
INP1 = True, INP2 = True
INP1 = False, INP2 = False
INP1 = False, INP2 = False
INP1 = False, INP2 = False
INP1 = False, INP2 = False
INP1 = False, INP2 = False
INP1 = False, INP2 = False
INP1 = False, INP2 = False
INP1 = False, INP2 = False
INP1 = False, INP2 = False
INP1 = False, INP2 = False
INP1 = False, INP2 = False
INP1 = False, INP2 = False
INP1 = False, INP2 = False
INP1 = False, INP2 = False
INP1 = False, INP2 = False
INP1 = False, INP2 = False
INP1 = False, INP2 = False
INP1 = False, INP2 = False
INP1 = False, INP2 = False
INP1 = True, INP2 = True
INP1 = False, INP2 = False
INP1 = False, INP2 = False
INP1 = False, INP2 = False
INP1 = True, INP2 = True
INP1 = True, INP2 = True
INP1 = False, INP2 = False
INP1 = False, INP2 = False
INP1 = True, INP2 = False
INP1 = False, INP2 = False
INP1 = False, INP2 = False
INP1 = False, INP2 = False
INP1 = False, INP2 = False
INP1 = True, INP2 = True
INP1 = False, INP2 = False
INP1 = False, INP2 = False
INP1 = False, INP2 = False
INP1 = True, INP2 = True
INP1 = False, INP2 = False
INP1 = False, INP2 = False
INP1 = False, INP2 = False
INP1 = False, INP2 = False
INP1 = False, INP2 = False
INP1 = False, INP2 = False
INP1 = False, INP2 = False
INP1 = False, INP2 = False
INP1 = False, INP2 = False
INP1 = False, INP2 = False
INP1 = False, INP2 = False
INP1 = False, INP2 = False
INP1 = False, INP2 = False
INP1 = False, INP2 = False
INP1 = False, INP2 = False
INP1 = False, INP2 = False
INP1 = False, INP2 = False
INP1 = False, INP2 = False
INP1 = True, INP2 = True
INP1 = False, INP2 = False
INP1 = False, INP2 = False
INP1 = False, INP2 = False
INP1 = False, INP2 = False
INP1 = False, INP2 = False
INP1 = True, INP2 = True
INP1 = False, INP2 = False
INP1 = False, INP2 = False
INP1 = False, INP2 = False
INP1 = False, INP2 = False
INP1 = False, INP2 = False
INP1 = False, INP2 = False
INP1 = False, INP2 = False
INP1 = True, INP2 = True
INP1 = False, INP2 = False
INP1 = False, INP2 = False
INP1 = False, INP2 = False
INP1 = True, INP2 = True
INP1 = True, INP2 = True
INP1 = True, INP2 = True
INP1 = False, INP2 = False
INP1 = False, INP2 = False
INP1 = False, INP2 = False
INP1 = True, INP2 = True
INP1 = False, INP2 = False
INP1 = False, INP2 = False
INP1 = False, INP2 = False
INP1 = False, INP2 = False
INP1 = True, INP2 = True
INP1 = True, INP2 = True
INP1 = False, INP2 = False
INP1 = False, INP2 = False
INP1 = False, INP2 = False
INP1 = False, INP2 = False
INP1 = True, INP2 = True
INP1 = True, INP2 = True
INP1 = False, INP2 = False
INP1 = False, INP2 = False
INP1 = True, INP2 = True
INP1 = False, INP2 = False
INP1 = True, INP2 = False
INP1 = False, INP2 = False
INP1 = False, INP2 = False
INP1 = True, INP2 = True
INP1 = True, INP2 = True
INP1 = False, INP2 = False
INP1 = True, INP2 = True
INP1 = True, INP2 = True
INP1 = False, INP2 = False
INP1 = True, INP2 = True
INP1 = True, INP2 = True
INP1 = False, INP2 = False
INP1 = False, INP2 = False
INP1 = True, INP2 = True
INP1 = False, INP2 = False
INP1 = False, INP2 = False
INP1 = True, INP2 = True
INP1 = True, INP2 = True
INP1 = True, INP2 = True
INP1 = True, INP2 = True
INP1 = False, INP2 = False
INP1 = False, INP2 = False
INP1 = True, INP2 = True
INP1 = False, INP2 = False
INP1 = True, INP2 = True
INP1 = True, INP2 = True
INP1 = False, INP2 = False
INP1 = False, INP2 = False
INP1 = True, INP2 = True
INP1 = True, INP2 = True
INP1 = False, INP2 = False
INP1 = False, INP2 = False
INP1 = False, INP2 = False
INP1 = False, INP2 = False
INP1 = False, INP2 = False
INP1 = False, INP2 = False
INP1 = False, INP2 = False
INP1 = False, INP2 = False
INP1 = False, INP2 = False
INP1 = False, INP2 = False
INP1 = True, INP2 = True
INP1 = False, INP2 = False
INP1 = True, INP2 = True
INP1 = True, INP2 = True
INP1 = True, INP2 = True
INP1 = False, INP2 = False
INP1 = False, INP2 = False
INP1 = False, INP2 = False
INP1 = False, INP2 = False
INP1 = True, INP2 = True
INP1 = True, INP2 = True
INP1 = False, INP2 = False
INP1 = False, INP2 = False
INP1 = True, INP2 = True
INP1 = True, INP2 = False
INP1 = True, INP2 = True
INP1 = False, INP2 = False
INP1 = False, INP2 = False
INP1 = True, INP2 = True
INP1 = True, INP2 = True
INP1 = False, INP2 = False
INP1 = False, INP2 = False
INP1 = False, INP2 = False
INP1 = True, INP2 = True
INP1 = False, INP2 = False
INP1 = True, INP2 = True
INP1 = False, INP2 = False
INP1 = False, INP2 = False
INP1 = False, INP2 = False
INP1 = False, INP2 = False
INP1 = False, INP2 = False
INP1 = True, INP2 = True
INP1 = True, INP2 = True
INP1 = False, INP2 = False
INP1 = True, INP2 = True
INP1 = True, INP2 = True
INP1 = True, INP2 = True
INP1 = True, INP2 = True
INP1 = True, INP2 = True
INP1 = False, INP2 = False
INP1 = False, INP2 = False
INP1 = False, INP2 = False
INP1 = False, INP2 = False
INP1 = False, INP2 = False
INP1 = False, INP2 = False
INP1 = False, INP2 = False
INP1 = False, INP2 = False
INP1 = False, INP2 = False
INP1 = False, INP2 = False
INP1 = False, INP2 = False
INP1 = False, INP2 = False
INP1 = False, INP2 = False
INP1 = True, INP2 = True
INP1 = False, INP2 = False
INP1 = False, INP2 = False
INP1 = False, INP2 = False
INP1 = False, INP2 = False
INP1 = False, INP2 = False
INP1 = False, INP2 = False
INP1 = False, INP2 = False
INP1 = False, INP2 = False
INP1 = False, INP2 = False
INP1 = False, INP2 = False
INP1 = False, INP2 = False
INP1 = False, INP2 = False
INP1 = False, INP2 = False
INP1 = False, INP2 = False
INP1 = False, INP2 = False
INP1 = False, INP2 = False
INP1 = False, INP2 = False
INP1 = False, INP2 = False
INP1 = False, INP2 = False
INP1 = False, INP2 = False
INP1 = False, INP2 = False
INP1 = False, INP2 = False
INP1 = False, INP2 = False
INP1 = False, INP2 = False
INP1 = False, INP2 = False
INP1 = False, INP2 = False
INP1 = False, INP2 = False
INP1 = False, INP2 = False
INP1 = False, INP2 = False
INP1 = False, INP2 = False
INP1 = False, INP2 = False
INP1 = False, INP2 = False
INP1 = False, INP2 = False
INP1 = False, INP2 = False
INP1 = False, INP2 = False
INP1 = False, INP2 = False
INP1 = False, INP2 = False
INP1 = False, INP2 = False
INP1 = False, INP2 = False
INP1 = False, INP2 = False
INP1 = False, INP2 = False
INP1 = False, INP2 = False
INP1 = False, INP2 = False
INP1 = False, INP2 = False
INP1 = False, INP2 = False
INP1 = False, INP2 = False
INP1 = False, INP2 = False
INP1 = False, INP2 = False
INP1 = False, INP2 = False
INP1 = False, INP2 = False
INP1 = False, INP2 = False
INP1 = False, INP2 = False
INP1 = False, INP2 = False
INP1 = False, INP2 = False
INP1 = False, INP2 = False
INP1 = False, INP2 = False
INP1 = False, INP2 = False
INP1 = False, INP2 = False
INP1 = False, INP2 = False
INP1 = False, INP2 = False
INP1 = False, INP2 = False
INP1 = False, INP2 = False
INP1 = False, INP2 = False
INP1 = False, INP2 = False
INP1 = False, INP2 = False
INP1 = False, INP2 = False
INP1 = False, INP2 = False
INP1 = False, INP2 = False
INP1 = False, INP2 = False
INP1 = False, INP2 = False
INP1 = False, INP2 = False
INP1 = False, INP2 = False
INP1 = False, INP2 = False
INP1 = False, INP2 = False
INP1 = False, INP2 = False
INP1 = False, INP2 = False
INP1 = False, INP2 = False
INP1 = False, INP2 = False
INP1 = False, INP2 = False
INP1 = False, INP2 = False
INP1 = False, INP2 = False
INP1 = False, INP2 = False
INP1 = False, INP2 = False
INP1 = False, INP2 = False
INP1 = False, INP2 = False
INP1 = False, INP2 = False
INP1 = False, INP2 = False
INP1 = False, INP2 = False
INP1 = False, INP2 = False
INP1 = False, INP2 = False
INP1 = False, INP2 = False
INP1 = False, INP2 = False
INP1 = False, INP2 = False
INP1 = False, INP2 = False
INP1 = False, INP2 = False
INP1 = False, INP2 = False
INP1 = False, INP2 = False
INP1 = False, INP2 = False
INP1 = True, INP2 = True
INP1 = False, INP2 = False
INP1 = False, INP2 = False
INP1 = False, INP2 = False
INP1 = False, INP2 = False
INP1 = False, INP2 = False
INP1 = True, INP2 = True
INP1 = False, INP2 = False
INP1 = False, INP2 = False
INP1 = True, INP2 = True
INP1 = False, INP2 = False
INP1 = False, INP2 = False
INP1 = False, INP2 = False
INP1 = False, INP2 = False
INP1 = False, INP2 = False
INP1 = False, INP2 = False
INP1 = False, INP2 = False
INP1 = False, INP2 = False
INP1 = False, INP2 = False
INP1 = False, INP2 = False
INP1 = False, INP2 = False
INP1 = False, INP2 = False
INP1 = False, INP2 = False
INP1 = False, INP2 = False
INP1 = False, INP2 = False
INP1 = False, INP2 = False
INP1 = False, INP2 = False
INP1 = False, INP2 = False
INP1 = False, INP2 = False
INP1 = False, INP2 = False
INP1 = False, INP2 = False
INP1 = False, INP2 = False
INP1 = False, INP2 = False
INP1 = False, INP2 = False
INP1 = False, INP2 = False
INP1 = False, INP2 = False
INP1 = False, INP2 = False
INP1 = False, INP2 = False
INP1 = False, INP2 = False
INP1 = False, INP2 = False
INP1 = False, INP2 = False
INP1 = False, INP2 = False
INP1 = False, INP2 = False
INP1 = False, INP2 = False
INP1 = False, INP2 = False
INP1 = False, INP2 = False
INP1 = False, INP2 = False
INP1 = False, INP2 = False
INP1 = False, INP2 = False
INP1 = False, INP2 = False
INP1 = False, INP2 = False
INP1 = False, INP2 = False
INP1 = False, INP2 = False
INP1 = False, INP2 = False
INP1 = False, INP2 = False
INP1 = False, INP2 = False
INP1 = False, INP2 = False
INP1 = False, INP2 = False
INP1 = False, INP2 = False
INP1 = False, INP2 = False
INP1 = False, INP2 = False
INP1 = False, INP2 = False
INP1 = False, INP2 = False
INP1 = False, INP2 = False
INP1 = False, INP2 = False
INP1 = False, INP2 = False
INP1 = False, INP2 = False
INP1 = False, INP2 = False
INP1 = False, INP2 = False
INP1 = False, INP2 = False
INP1 = False, INP2 = False
INP1 = False, INP2 = False
INP1 = False, INP2 = False
INP1 = False, INP2 = False
INP1 = False, INP2 = False
INP1 = False, INP2 = False
INP1 = False, INP2 = False
INP1 = False, INP2 = False
INP1 = False, INP2 = False
INP1 = False, INP2 = False
INP1 = False, INP2 = False
INP1 = False, INP2 = False
INP1 = False, INP2 = False
INP1 = False, INP2 = False
INP1 = False, INP2 = False
INP1 = False, INP2 = False
INP1 = False, INP2 = False
INP1 = False, INP2 = False
INP1 = False, INP2 = False
INP1 = False, INP2 = False
INP1 = False, INP2 = False
INP1 = False, INP2 = False
INP1 = False, INP2 = False
INP1 = False, INP2 = False
INP1 = False, INP2 = False
INP1 = False, INP2 = False
INP1 = False, INP2 = False
INP1 = False, INP2 = False
INP1 = True, INP2 = True
INP1 = False, INP2 = False
INP1 = False, INP2 = False
INP1 = False, INP2 = False
INP1 = False, INP2 = False
INP1 = False, INP2 = False
INP1 = True, INP2 = True
INP1 = False, INP2 = False
INP1 = False, INP2 = False
INP1 = True, INP2 = True
INP1 = True, INP2 = True
INP1 = False, INP2 = False
INP1 = False, INP2 = False
INP1 = False, INP2 = False
INP1 = False, INP2 = False
INP1 = False, INP2 = False
INP1 = False, INP2 = False
INP1 = False, INP2 = False
INP1 = False, INP2 = False
INP1 = False, INP2 = False
INP1 = False, INP2 = False
INP1 = False, INP2 = False
INP1 = False, INP2 = False
INP1 = False, INP2 = False
INP1 = False, INP2 = False
INP1 = False, INP2 = False
INP1 = False, INP2 = False
INP1 = False, INP2 = False
INP1 = False, INP2 = False
INP1 = False, INP2 = False
INP1 = False, INP2 = False
INP1 = False, INP2 = False
INP1 = False, INP2 = False
INP1 = False, INP2 = False
INP1 = False, INP2 = False
INP1 = False, INP2 = False
INP1 = False, INP2 = False
INP1 = False, INP2 = False
INP1 = False, INP2 = False
INP1 = False, INP2 = False
INP1 = False, INP2 = False
INP1 = False, INP2 = False
INP1 = False, INP2 = False
INP1 = False, INP2 = False
INP1 = False, INP2 = False
INP1 = False, INP2 = False
INP1 = False, INP2 = False
INP1 = False, INP2 = False
INP1 = False, INP2 = False
INP1 = False, INP2 = False
INP1 = False, INP2 = False
INP1 = False, INP2 = False
INP1 = False, INP2 = False
INP1 = False, INP2 = False
INP1 = False, INP2 = False
INP1 = False, INP2 = False
INP1 = False, INP2 = False
INP1 = False, INP2 = False
INP1 = False, INP2 = False
INP1 = False, INP2 = False
INP1 = False, INP2 = False
INP1 = False, INP2 = False
INP1 = False, INP2 = False
INP1 = False, INP2 = False
INP1 = False, INP2 = False
INP1 = False, INP2 = False
INP1 = False, INP2 = False
INP1 = False, INP2 = False
INP1 = False, INP2 = False
INP1 = False, INP2 = False
INP1 = False, INP2 = False
INP1 = False, INP2 = False
INP1 = False, INP2 = False
INP1 = False, INP2 = False
INP1 = False, INP2 = False
INP1 = False, INP2 = False
INP1 = False, INP2 = False
INP1 = False, INP2 = False
INP1 = False, INP2 = False
INP1 = False, INP2 = False
INP1 = False, INP2 = False
INP1 = False, INP2 = False
INP1 = False, INP2 = False
INP1 = False, INP2 = False
INP1 = False, INP2 = False
INP1 = False, INP2 = False
INP1 = False, INP2 = False
INP1 = False, INP2 = False
INP1 = False, INP2 = False
INP1 = False, INP2 = False
INP1 = False, INP2 = False
INP1 = False, INP2 = False
INP1 = False, INP2 = False
INP1 = False, INP2 = False
INP1 = False, INP2 = False
INP1 = False, INP2 = False
INP1 = False, INP2 = False
INP1 = False, INP2 = False
INP1 = False, INP2 = False
INP1 = False, INP2 = False
INP1 = True, INP2 = True
INP1 = False, INP2 = False
INP1 = False, INP2 = False
INP1 = False, INP2 = False
INP1 = True, INP2 = True
INP1 = False, INP2 = False
INP1 = False, INP2 = False
INP1 = False, INP2 = False
INP1 = True, INP2 = True
INP1 = False, INP2 = False
INP1 = False, INP2 = False
INP1 = False, INP2 = False
INP1 = False, INP2 = False
INP1 = False, INP2 = False
INP1 = False, INP2 = False
INP1 = False, INP2 = False
INP1 = False, INP2 = False
INP1 = False, INP2 = False
INP1 = False, INP2 = False
INP1 = False, INP2 = False
INP1 = False, INP2 = False
INP1 = False, INP2 = False
INP1 = False, INP2 = False
INP1 = False, INP2 = False
INP1 = False, INP2 = False
INP1 = False, INP2 = False
INP1 = False, INP2 = False
INP1 = False, INP2 = False
INP1 = False, INP2 = False
INP1 = False, INP2 = False
INP1 = False, INP2 = False
INP1 = False, INP2 = False
INP1 = False, INP2 = False
INP1 = False, INP2 = False
</DebugTrace>
        <ErrorInfo>
          <Message>User aborted test run.</Message>
        </ErrorInfo>
      </Output>
    </UnitTestResult>
  </Results>
</TestRun>